<?xml version="1.0" encoding="UTF-8"?>
<testsuite xmlns:xsi="http://www.w3.org/2001/XMLSchema-instance" xsi:noNamespaceSchemaLocation="https://maven.apache.org/surefire/maven-surefire-plugin/xsd/surefire-test-report.xsd" name="login" time="136.291" tests="4" errors="4" skipped="0" failures="0">
  <properties>
[...]
</properties>
  <testcase name="US01_TC01 User must be able to login to the Site with a valid URL" classname="login" time="136.222">
    <error message="Timed out waiting for driver server to stop.&#10;Build info: version: &apos;4.0.0&apos;, revision: &apos;3a21814679&apos;&#10;System info: host: &apos;PC&apos;, ip: &apos;192.168.1.38&apos;, os.name: &apos;Windows 8.1&apos;, os.arch: &apos;amd64&apos;, os.version: &apos;6.3&apos;, java.version: &apos;11.0.11&apos;&#10;Driver info: org.openqa.selenium.chrome.ChromeDriver&#10;Command: [2845b01bf73da4b9e85e0a3663d9ba0d, quit {}]&#10;Capabilities {acceptInsecureCerts: false, browserName: chrome, browserVersion: 98.0.4758.102, chrome: {chromedriverVersion: 98.0.4758.102 (273bf7ac8c90..., userDataDir: C:\Users\pc1\AppData\Local\...}, goog:chromeOptions: {debuggerAddress: localhost:50585}, javascriptEnabled: true, networkConnectionEnabled: false, pageLoadStrategy: normal, platform: WINDOWS, platformName: WINDOWS, proxy: Proxy(), se:cdp: ws://localhost:50585/devtoo..., se:cdpVersion: 98.0.4758.102, setWindowRect: true, strictFileInteractability: false, timeouts: {implicit: 0, pageLoad: 300000, script: 30000}, unhandledPromptBehavior: dismiss and notify, webauthn:extension:credBlob: true, webauthn:extension:largeBlob: true, webauthn:virtualAuthenticators: true}&#10;Session ID: 2845b01bf73da4b9e85e0a3663d9ba0d" type="org.openqa.selenium.WebDriverException">org.openqa.selenium.WebDriverException: 
Timed out waiting for driver server to stop.
Build info: version: '4.0.0', revision: '3a21814679'
System info: host: 'PC', ip: '192.168.1.38', os.name: 'Windows 8.1', os.arch: 'amd64', os.version: '6.3', java.version: '11.0.11'
Driver info: org.openqa.selenium.chrome.ChromeDriver
Command: [2845b01bf73da4b9e85e0a3663d9ba0d, quit {}]
Capabilities {acceptInsecureCerts: false, browserName: chrome, browserVersion: 98.0.4758.102, chrome: {chromedriverVersion: 98.0.4758.102 (273bf7ac8c90..., userDataDir: C:\Users\pc1\AppData\Local\...}, goog:chromeOptions: {debuggerAddress: localhost:50585}, javascriptEnabled: true, networkConnectionEnabled: false, pageLoadStrategy: normal, platform: WINDOWS, platformName: WINDOWS, proxy: Proxy(), se:cdp: ws://localhost:50585/devtoo..., se:cdpVersion: 98.0.4758.102, setWindowRect: true, strictFileInteractability: false, timeouts: {implicit: 0, pageLoad: 300000, script: 30000}, unhandledPromptBehavior: dismiss and notify, webauthn:extension:credBlob: true, webauthn:extension:largeBlob: true, webauthn:virtualAuthenticators: true}
Session ID: 2845b01bf73da4b9e85e0a3663d9ba0d
Caused by: java.util.concurrent.ExecutionException: 
org.openqa.selenium.TimeoutException: Process timed out after waiting for 20000 ms.
Build info: version: '4.0.0', revision: '3a21814679'
System info: host: 'PC', ip: '192.168.1.38', os.name: 'Windows 8.1', os.arch: 'amd64', os.version: '6.3', java.version: '11.0.11'
Driver info: driver.version: unknown
Caused by: org.openqa.selenium.TimeoutException: 
Process timed out after waiting for 20000 ms.
Build info: version: '4.0.0', revision: '3a21814679'
System info: host: 'PC', ip: '192.168.1.38', os.name: 'Windows 8.1', os.arch: 'amd64', os.version: '6.3', java.version: '11.0.11'
Driver info: driver.version: unknown
</error>
    <system-out><![CDATA[
@login @Regression @us01
Scenario: US01_TC01 User must be able to login to the Site with a valid URL &amp#27;[90m# src/test/resources/features/ui_features/login.feature:5&amp#27;[0m
  &amp#27;[32mGiven &amp#27;[0m&amp#27;[32mUser goes to url.&amp#27;[0m                                                   &amp#27;[90m# ui.stepDefinitions.amazonStepDefinitions.userGoesToUrl()&amp#27;[0m
  &amp#27;[32mThen &amp#27;[0m&amp#27;[32mThe user verifies that at &amp#27;[0m&amp#27;[32m&amp#27;[1m"https://www.amazon.com/"&amp#27;[0m&amp#27;[32m.&amp#27;[0m                 &amp#27;[90m# ui.stepDefinitions.amazonStepDefinitions.theUserVerifiesThatAt(java.lang.String)&amp#27;[0m
  &amp#27;[31mAnd &amp#27;[0m&amp#27;[31mThe user closes the page.&amp#27;[0m                                             &amp#27;[90m# ui.stepDefinitions.amazonStepDefinitions.theUserClosesThePage()&amp#27;[0m
      &amp#27;[31morg.openqa.selenium.WebDriverException: Timed out waiting for driver server to stop.
Build info: version: '4.0.0', revision: '3a21814679'
System info: host: 'PC', ip: '192.168.1.38', os.name: 'Windows 8.1', os.arch: 'amd64', os.version: '6.3', java.version: '11.0.11'
Driver info: org.openqa.selenium.chrome.ChromeDriver
Command: [2845b01bf73da4b9e85e0a3663d9ba0d, quit {}]
Capabilities {acceptInsecureCerts: false, browserName: chrome, browserVersion: 98.0.4758.102, chrome: {chromedriverVersion: 98.0.4758.102 (273bf7ac8c90..., userDataDir: C:\Users\pc1\AppData\Local\...}, goog:chromeOptions: {debuggerAddress: localhost:50585}, javascriptEnabled: true, networkConnectionEnabled: false, pageLoadStrategy: normal, platform: WINDOWS, platformName: WINDOWS, proxy: Proxy(), se:cdp: ws://localhost:50585/devtoo..., se:cdpVersion: 98.0.4758.102, setWindowRect: true, strictFileInteractability: false, timeouts: {implicit: 0, pageLoad: 300000, script: 30000}, unhandledPromptBehavior: dismiss and notify, webauthn:extension:credBlob: true, webauthn:extension:largeBlob: true, webauthn:virtualAuthenticators: true}
Session ID: 2845b01bf73da4b9e85e0a3663d9ba0d
	at org.openqa.selenium.remote.service.DriverCommandExecutor.execute(DriverCommandExecutor.java:129)
	at org.openqa.selenium.remote.RemoteWebDriver.execute(RemoteWebDriver.java:559)
	at org.openqa.selenium.remote.RemoteWebDriver.execute(RemoteWebDriver.java:614)
	at org.openqa.selenium.remote.RemoteWebDriver.execute(RemoteWebDriver.java:618)
	at org.openqa.selenium.remote.RemoteWebDriver.quit(RemoteWebDriver.java:455)
	at org.openqa.selenium.chromium.ChromiumDriver.quit(ChromiumDriver.java:287)
	at utilities.Driver.closeDriver(Driver.java:63)
	at ui.stepDefinitions.amazonStepDefinitions.theUserClosesThePage(amazonStepDefinitions.java:104)
	at ?.The user closes the page.(file:///C:/Users/pc1/eclipse-workspace/AmazonCapStone/src/test/resources/features/ui_features/login.feature:8)
Caused by: java.util.concurrent.ExecutionException: org.openqa.selenium.TimeoutException: Process timed out after waiting for 20000 ms.
Build info: version: '4.0.0', revision: '3a21814679'
System info: host: 'PC', ip: '192.168.1.38', os.name: 'Windows 8.1', os.arch: 'amd64', os.version: '6.3', java.version: '11.0.11'
Driver info: driver.version: unknown
	at java.base/java.util.concurrent.CompletableFuture.reportGet(CompletableFuture.java:395)
	at java.base/java.util.concurrent.CompletableFuture.get(CompletableFuture.java:2022)
	at org.openqa.selenium.remote.service.DriverCommandExecutor.execute(DriverCommandExecutor.java:125)
	at org.openqa.selenium.remote.RemoteWebDriver.execute(RemoteWebDriver.java:559)
	at org.openqa.selenium.remote.RemoteWebDriver.execute(RemoteWebDriver.java:614)
	at org.openqa.selenium.remote.RemoteWebDriver.execute(RemoteWebDriver.java:618)
	at org.openqa.selenium.remote.RemoteWebDriver.quit(RemoteWebDriver.java:455)
	at org.openqa.selenium.chromium.ChromiumDriver.quit(ChromiumDriver.java:287)
	at utilities.Driver.closeDriver(Driver.java:63)
	at ui.stepDefinitions.amazonStepDefinitions.theUserClosesThePage(amazonStepDefinitions.java:104)
	at java.base/jdk.internal.reflect.NativeMethodAccessorImpl.invoke0(Native Method)
	at java.base/jdk.internal.reflect.NativeMethodAccessorImpl.invoke(NativeMethodAccessorImpl.java:62)
	at java.base/jdk.internal.reflect.DelegatingMethodAccessorImpl.invoke(DelegatingMethodAccessorImpl.java:43)
	at java.base/java.lang.reflect.Method.invoke(Method.java:566)
	at io.cucumber.java.Invoker.doInvoke(Invoker.java:66)
	at io.cucumber.java.Invoker.invoke(Invoker.java:24)
	at io.cucumber.java.AbstractGlueDefinition.invokeMethod(AbstractGlueDefinition.java:47)
	at io.cucumber.java.JavaStepDefinition.execute(JavaStepDefinition.java:29)
	at io.cucumber.core.runner.CoreStepDefinition.execute(CoreStepDefinition.java:66)
	at io.cucumber.core.runner.PickleStepDefinitionMatch.runStep(PickleStepDefinitionMatch.java:63)
	at io.cucumber.core.runner.ExecutionMode$1.execute(ExecutionMode.java:10)
	at io.cucumber.core.runner.TestStep.executeStep(TestStep.java:92)
	at io.cucumber.core.runner.TestStep.run(TestStep.java:64)
	at io.cucumber.core.runner.PickleStepTestStep.run(PickleStepTestStep.java:51)
	at io.cucumber.core.runner.TestCase.run(TestCase.java:104)
	at io.cucumber.core.runner.Runner.runPickle(Runner.java:73)
	at io.cucumber.junit.PickleRunners$NoStepDescriptions.run(PickleRunners.java:151)
	at io.cucumber.junit.FeatureRunner.runChild(FeatureRunner.java:135)
	at io.cucumber.junit.FeatureRunner.runChild(FeatureRunner.java:27)
	at org.junit.runners.ParentRunner$4.run(ParentRunner.java:331)
	at org.junit.runners.ParentRunner$1.schedule(ParentRunner.java:79)
	at org.junit.runners.ParentRunner.runChildren(ParentRunner.java:329)
	at org.junit.runners.ParentRunner.access$100(ParentRunner.java:66)
	at org.junit.runners.ParentRunner$2.evaluate(ParentRunner.java:293)
	at org.junit.runners.ParentRunner$3.evaluate(ParentRunner.java:306)
	at org.junit.runners.ParentRunner.run(ParentRunner.java:413)
	at io.cucumber.junit.Cucumber.runChild(Cucumber.java:200)
	at io.cucumber.junit.Cucumber.runChild(Cucumber.java:90)
	at org.junit.runners.ParentRunner$4.run(ParentRunner.java:331)
	at org.apache.maven.surefire.junitcore.pc.Scheduler$1.run(Scheduler.java:405)
	at java.base/java.util.concurrent.Executors$RunnableAdapter.call(Executors.java:515)
	at java.base/java.util.concurrent.FutureTask.run(FutureTask.java:264)
	at java.base/java.util.concurrent.ThreadPoolExecutor.runWorker(ThreadPoolExecutor.java:1128)
	at java.base/java.util.concurrent.ThreadPoolExecutor$Worker.run(ThreadPoolExecutor.java:628)
	at java.base/java.lang.Thread.run(Thread.java:834)
Caused by: org.openqa.selenium.TimeoutException: Process timed out after waiting for 20000 ms.
Build info: version: '4.0.0', revision: '3a21814679'
System info: host: 'PC', ip: '192.168.1.38', os.name: 'Windows 8.1', os.arch: 'amd64', os.version: '6.3', java.version: '11.0.11'
Driver info: driver.version: unknown
	at org.openqa.selenium.os.OsProcess.waitFor(OsProcess.java:174)
	at org.openqa.selenium.os.CommandLine.waitFor(CommandLine.java:127)
	at org.openqa.selenium.remote.service.DriverCommandExecutor.lambda$execute$2(DriverCommandExecutor.java:119)
	at java.base/java.util.concurrent.CompletableFuture$AsyncSupply.run(CompletableFuture.java:1700)
	... 3 more
&amp#27;[0m
]]></system-out>
    <system-err><![CDATA[SLF4J: Failed to load class "org.slf4j.impl.StaticLoggerBinder".
SLF4J: Defaulting to no-operation (NOP) logger implementation
SLF4J: See http://www.slf4j.org/codes.html#StaticLoggerBinder for further details.
Starting ChromeDriver 98.0.4758.102 (273bf7ac8c909cde36982d27f66f3c70846a3718-refs/branch-heads/4758@{#1151}) on port 52348
Only local connections are allowed.
Please see https://chromedriver.chromium.org/security-considerations for suggestions on keeping ChromeDriver safe.
ChromeDriver was started successfully.
Mar 01, 2022 3:32:49 PM org.openqa.selenium.remote.ProtocolHandshake createSession
INFO: Detected dialect: W3C
Mar 01, 2022 3:32:49 PM org.openqa.selenium.devtools.CdpVersionFinder findNearestMatch
WARNING: Unable to find an exact match for CDP version 98, so returning the closest version found: 95
Mar 01, 2022 3:32:49 PM org.openqa.selenium.devtools.CdpVersionFinder findNearestMatch
INFO: Found CDP implementation for version 98 of 95
]]></system-err>
  </testcase>
  <testcase name="US02_TC01 The user should be able to login with valid information. (Positive Login)" classname="login" time="0.03">
    <error message="Session ID is null. Using WebDriver after calling quit()?&#10;Build info: version: &apos;4.0.0&apos;, revision: &apos;3a21814679&apos;&#10;System info: host: &apos;PC&apos;, ip: &apos;192.168.1.38&apos;, os.name: &apos;Windows 8.1&apos;, os.arch: &apos;amd64&apos;, os.version: &apos;6.3&apos;, java.version: &apos;11.0.11&apos;&#10;Driver info: org.openqa.selenium.chrome.ChromeDriver&#10;Command: [null, get {url=https://www.amazon.com/}]&#10;Capabilities {acceptInsecureCerts: false, browserName: chrome, browserVersion: 98.0.4758.102, chrome: {chromedriverVersion: 98.0.4758.102 (273bf7ac8c90..., userDataDir: C:\Users\pc1\AppData\Local\...}, goog:chromeOptions: {debuggerAddress: localhost:50585}, javascriptEnabled: true, networkConnectionEnabled: false, pageLoadStrategy: normal, platform: WINDOWS, platformName: WINDOWS, proxy: Proxy(), se:cdp: ws://localhost:50585/devtoo..., se:cdpVersion: 98.0.4758.102, setWindowRect: true, strictFileInteractability: false, timeouts: {implicit: 0, pageLoad: 300000, script: 30000}, unhandledPromptBehavior: dismiss and notify, webauthn:extension:credBlob: true, webauthn:extension:largeBlob: true, webauthn:virtualAuthenticators: true}" type="org.openqa.selenium.NoSuchSessionException">org.openqa.selenium.NoSuchSessionException: 
Session ID is null. Using WebDriver after calling quit()?
Build info: version: '4.0.0', revision: '3a21814679'
System info: host: 'PC', ip: '192.168.1.38', os.name: 'Windows 8.1', os.arch: 'amd64', os.version: '6.3', java.version: '11.0.11'
Driver info: org.openqa.selenium.chrome.ChromeDriver
Command: [null, get {url=https://www.amazon.com/}]
Capabilities {acceptInsecureCerts: false, browserName: chrome, browserVersion: 98.0.4758.102, chrome: {chromedriverVersion: 98.0.4758.102 (273bf7ac8c90..., userDataDir: C:\Users\pc1\AppData\Local\...}, goog:chromeOptions: {debuggerAddress: localhost:50585}, javascriptEnabled: true, networkConnectionEnabled: false, pageLoadStrategy: normal, platform: WINDOWS, platformName: WINDOWS, proxy: Proxy(), se:cdp: ws://localhost:50585/devtoo..., se:cdpVersion: 98.0.4758.102, setWindowRect: true, strictFileInteractability: false, timeouts: {implicit: 0, pageLoad: 300000, script: 30000}, unhandledPromptBehavior: dismiss and notify, webauthn:extension:credBlob: true, webauthn:extension:largeBlob: true, webauthn:virtualAuthenticators: true}
</error>
    <system-out><![CDATA[
@login @Regression @us01 @us02
Scenario: US02_TC01 The user should be able to login with valid information. (Positive Login) &amp#27;[90m# src/test/resources/features/ui_features/login.feature:11&amp#27;[0m
  &amp#27;[31mGiven &amp#27;[0m&amp#27;[31mUser goes to url.&amp#27;[0m                                                                     &amp#27;[90m# ui.stepDefinitions.amazonStepDefinitions.userGoesToUrl()&amp#27;[0m
      &amp#27;[31morg.openqa.selenium.NoSuchSessionException: Session ID is null. Using WebDriver after calling quit()?
Build info: version: '4.0.0', revision: '3a21814679'
System info: host: 'PC', ip: '192.168.1.38', os.name: 'Windows 8.1', os.arch: 'amd64', os.version: '6.3', java.version: '11.0.11'
Driver info: org.openqa.selenium.chrome.ChromeDriver
Command: [null, get {url=https://www.amazon.com/}]
Capabilities {acceptInsecureCerts: false, browserName: chrome, browserVersion: 98.0.4758.102, chrome: {chromedriverVersion: 98.0.4758.102 (273bf7ac8c90..., userDataDir: C:\Users\pc1\AppData\Local\...}, goog:chromeOptions: {debuggerAddress: localhost:50585}, javascriptEnabled: true, networkConnectionEnabled: false, pageLoadStrategy: normal, platform: WINDOWS, platformName: WINDOWS, proxy: Proxy(), se:cdp: ws://localhost:50585/devtoo..., se:cdpVersion: 98.0.4758.102, setWindowRect: true, strictFileInteractability: false, timeouts: {implicit: 0, pageLoad: 300000, script: 30000}, unhandledPromptBehavior: dismiss and notify, webauthn:extension:credBlob: true, webauthn:extension:largeBlob: true, webauthn:virtualAuthenticators: true}
	at org.openqa.selenium.remote.HttpCommandExecutor.execute(HttpCommandExecutor.java:145)
	at org.openqa.selenium.remote.service.DriverCommandExecutor.invokeExecute(DriverCommandExecutor.java:164)
	at org.openqa.selenium.remote.service.DriverCommandExecutor.execute(DriverCommandExecutor.java:139)
	at org.openqa.selenium.remote.RemoteWebDriver.execute(RemoteWebDriver.java:559)
	at org.openqa.selenium.remote.RemoteWebDriver.get(RemoteWebDriver.java:328)
	at ui.stepDefinitions.amazonStepDefinitions.userGoesToUrl(amazonStepDefinitions.java:93)
	at ?.User goes to url.(file:///C:/Users/pc1/eclipse-workspace/AmazonCapStone/src/test/resources/features/ui_features/login.feature:12)
&amp#27;[0m
  &amp#27;[36mThen &amp#27;[0m&amp#27;[36mThe user clicks the Sign-In button..&amp#27;[0m                                                   &amp#27;[90m# ui.stepDefinitions.amazonStepDefinitions.theUserClicksTheSignInButton()&amp#27;[0m
  &amp#27;[36mWhen &amp#27;[0m&amp#27;[36mUser enters valid email.&amp#27;[0m                                                               &amp#27;[90m# ui.stepDefinitions.amazonStepDefinitions.userEntersValidEmail()&amp#27;[0m
  &amp#27;[36mThen &amp#27;[0m&amp#27;[36mThe user clicks the continue button.&amp#27;[0m                                                   &amp#27;[90m# ui.stepDefinitions.amazonStepDefinitions.theUserClicksTheContinueButton()&amp#27;[0m
  &amp#27;[36mWhen &amp#27;[0m&amp#27;[36mUser enters valid password.&amp#27;[0m                                                            &amp#27;[90m# ui.stepDefinitions.amazonStepDefinitions.userEntersValidPassword()&amp#27;[0m
  &amp#27;[36mThen &amp#27;[0m&amp#27;[36mThe user clicks the Sign-In button.&amp#27;[0m                                                    &amp#27;[90m# ui.stepDefinitions.amazonStepDefinitions.UserClicksTheSignInButton()&amp#27;[0m
  &amp#27;[36mAnd &amp#27;[0m&amp#27;[36mThe user sees the text &amp#27;[0m&amp#27;[36m&amp#27;[1m"Hello,USER"&amp#27;[0m&amp#27;[36m.&amp#27;[0m                                                    &amp#27;[90m# ui.stepDefinitions.amazonStepDefinitions.theUserSeesTheText(java.lang.String)&amp#27;[0m
  &amp#27;[36mThen &amp#27;[0m&amp#27;[36mUser logs out of account&amp#27;[0m                                                               &amp#27;[90m# ui.stepDefinitions.amazonStepDefinitions.userLogsOutOfAccount()&amp#27;[0m
  &amp#27;[36mAnd &amp#27;[0m&amp#27;[36mThe user closes the page.&amp#27;[0m                                                               &amp#27;[90m# ui.stepDefinitions.amazonStepDefinitions.theUserClosesThePage()&amp#27;[0m
]]></system-out>
  </testcase>
  <testcase name="US02_TC02 The user should not be able to login with invalid information. (Negative Login)" classname="login" time="0.02">
    <error message="Session ID is null. Using WebDriver after calling quit()?&#10;Build info: version: &apos;4.0.0&apos;, revision: &apos;3a21814679&apos;&#10;System info: host: &apos;PC&apos;, ip: &apos;192.168.1.38&apos;, os.name: &apos;Windows 8.1&apos;, os.arch: &apos;amd64&apos;, os.version: &apos;6.3&apos;, java.version: &apos;11.0.11&apos;&#10;Driver info: org.openqa.selenium.chrome.ChromeDriver&#10;Command: [null, get {url=https://www.amazon.com/}]&#10;Capabilities {acceptInsecureCerts: false, browserName: chrome, browserVersion: 98.0.4758.102, chrome: {chromedriverVersion: 98.0.4758.102 (273bf7ac8c90..., userDataDir: C:\Users\pc1\AppData\Local\...}, goog:chromeOptions: {debuggerAddress: localhost:50585}, javascriptEnabled: true, networkConnectionEnabled: false, pageLoadStrategy: normal, platform: WINDOWS, platformName: WINDOWS, proxy: Proxy(), se:cdp: ws://localhost:50585/devtoo..., se:cdpVersion: 98.0.4758.102, setWindowRect: true, strictFileInteractability: false, timeouts: {implicit: 0, pageLoad: 300000, script: 30000}, unhandledPromptBehavior: dismiss and notify, webauthn:extension:credBlob: true, webauthn:extension:largeBlob: true, webauthn:virtualAuthenticators: true}" type="org.openqa.selenium.NoSuchSessionException">org.openqa.selenium.NoSuchSessionException: 
Session ID is null. Using WebDriver after calling quit()?
Build info: version: '4.0.0', revision: '3a21814679'
System info: host: 'PC', ip: '192.168.1.38', os.name: 'Windows 8.1', os.arch: 'amd64', os.version: '6.3', java.version: '11.0.11'
Driver info: org.openqa.selenium.chrome.ChromeDriver
Command: [null, get {url=https://www.amazon.com/}]
Capabilities {acceptInsecureCerts: false, browserName: chrome, browserVersion: 98.0.4758.102, chrome: {chromedriverVersion: 98.0.4758.102 (273bf7ac8c90..., userDataDir: C:\Users\pc1\AppData\Local\...}, goog:chromeOptions: {debuggerAddress: localhost:50585}, javascriptEnabled: true, networkConnectionEnabled: false, pageLoadStrategy: normal, platform: WINDOWS, platformName: WINDOWS, proxy: Proxy(), se:cdp: ws://localhost:50585/devtoo..., se:cdpVersion: 98.0.4758.102, setWindowRect: true, strictFileInteractability: false, timeouts: {implicit: 0, pageLoad: 300000, script: 30000}, unhandledPromptBehavior: dismiss and notify, webauthn:extension:credBlob: true, webauthn:extension:largeBlob: true, webauthn:virtualAuthenticators: true}
</error>
    <system-out><![CDATA[
@login @Regression @us01
Scenario: US02_TC02 The user should not be able to login with invalid information. (Negative Login) &amp#27;[90m# src/test/resources/features/ui_features/login.feature:22&amp#27;[0m
  &amp#27;[31mGiven &amp#27;[0m&amp#27;[31mUser goes to url.&amp#27;[0m                                                                           &amp#27;[90m# ui.stepDefinitions.amazonStepDefinitions.userGoesToUrl()&amp#27;[0m
      &amp#27;[31morg.openqa.selenium.NoSuchSessionException: Session ID is null. Using WebDriver after calling quit()?
Build info: version: '4.0.0', revision: '3a21814679'
System info: host: 'PC', ip: '192.168.1.38', os.name: 'Windows 8.1', os.arch: 'amd64', os.version: '6.3', java.version: '11.0.11'
Driver info: org.openqa.selenium.chrome.ChromeDriver
Command: [null, get {url=https://www.amazon.com/}]
Capabilities {acceptInsecureCerts: false, browserName: chrome, browserVersion: 98.0.4758.102, chrome: {chromedriverVersion: 98.0.4758.102 (273bf7ac8c90..., userDataDir: C:\Users\pc1\AppData\Local\...}, goog:chromeOptions: {debuggerAddress: localhost:50585}, javascriptEnabled: true, networkConnectionEnabled: false, pageLoadStrategy: normal, platform: WINDOWS, platformName: WINDOWS, proxy: Proxy(), se:cdp: ws://localhost:50585/devtoo..., se:cdpVersion: 98.0.4758.102, setWindowRect: true, strictFileInteractability: false, timeouts: {implicit: 0, pageLoad: 300000, script: 30000}, unhandledPromptBehavior: dismiss and notify, webauthn:extension:credBlob: true, webauthn:extension:largeBlob: true, webauthn:virtualAuthenticators: true}
	at org.openqa.selenium.remote.HttpCommandExecutor.execute(HttpCommandExecutor.java:145)
	at org.openqa.selenium.remote.service.DriverCommandExecutor.invokeExecute(DriverCommandExecutor.java:164)
	at org.openqa.selenium.remote.service.DriverCommandExecutor.execute(DriverCommandExecutor.java:139)
	at org.openqa.selenium.remote.RemoteWebDriver.execute(RemoteWebDriver.java:559)
	at org.openqa.selenium.remote.RemoteWebDriver.get(RemoteWebDriver.java:328)
	at ui.stepDefinitions.amazonStepDefinitions.userGoesToUrl(amazonStepDefinitions.java:93)
	at ?.User goes to url.(file:///C:/Users/pc1/eclipse-workspace/AmazonCapStone/src/test/resources/features/ui_features/login.feature:23)
&amp#27;[0m
  &amp#27;[36mThen &amp#27;[0m&amp#27;[36mThe user clicks the Sign-In button..&amp#27;[0m                                                         &amp#27;[90m# ui.stepDefinitions.amazonStepDefinitions.theUserClicksTheSignInButton()&amp#27;[0m
  &amp#27;[36mWhen &amp#27;[0m&amp#27;[36mUser enters valid email.&amp#27;[0m                                                                     &amp#27;[90m# ui.stepDefinitions.amazonStepDefinitions.userEntersValidEmail()&amp#27;[0m
  &amp#27;[36mThen &amp#27;[0m&amp#27;[36mThe user clicks the continue button.&amp#27;[0m                                                         &amp#27;[90m# ui.stepDefinitions.amazonStepDefinitions.theUserClicksTheContinueButton()&amp#27;[0m
  &amp#27;[36mWhen &amp#27;[0m&amp#27;[36mUser enters invalid password.&amp#27;[0m                                                                &amp#27;[90m# ui.stepDefinitions.amazonStepDefinitions.userEntersInvalidPassword()&amp#27;[0m
  &amp#27;[36mThen &amp#27;[0m&amp#27;[36mThe user clicks the Sign-In button.&amp#27;[0m                                                          &amp#27;[90m# ui.stepDefinitions.amazonStepDefinitions.UserClicksTheSignInButton()&amp#27;[0m
  &amp#27;[36mAnd &amp#27;[0m&amp#27;[36mThe user sees the Your password is incorrect.&amp#27;[0m                                                 &amp#27;[90m# ui.stepDefinitions.amazonStepDefinitions.theUserSeesTheYourPasswordIsIncorrect()&amp#27;[0m
  &amp#27;[36mAnd &amp#27;[0m&amp#27;[36mThe user closes the page.&amp#27;[0m                                                                     &amp#27;[90m# ui.stepDefinitions.amazonStepDefinitions.theUserClosesThePage()&amp#27;[0m
]]></system-out>
  </testcase>
  <testcase name="US02_TC03 The user should not be able to login with invalid information. (Negative Login)" classname="login" time="0.015">
    <error message="Session ID is null. Using WebDriver after calling quit()?&#10;Build info: version: &apos;4.0.0&apos;, revision: &apos;3a21814679&apos;&#10;System info: host: &apos;PC&apos;, ip: &apos;192.168.1.38&apos;, os.name: &apos;Windows 8.1&apos;, os.arch: &apos;amd64&apos;, os.version: &apos;6.3&apos;, java.version: &apos;11.0.11&apos;&#10;Driver info: org.openqa.selenium.chrome.ChromeDriver&#10;Command: [null, get {url=https://www.amazon.com/}]&#10;Capabilities {acceptInsecureCerts: false, browserName: chrome, browserVersion: 98.0.4758.102, chrome: {chromedriverVersion: 98.0.4758.102 (273bf7ac8c90..., userDataDir: C:\Users\pc1\AppData\Local\...}, goog:chromeOptions: {debuggerAddress: localhost:50585}, javascriptEnabled: true, networkConnectionEnabled: false, pageLoadStrategy: normal, platform: WINDOWS, platformName: WINDOWS, proxy: Proxy(), se:cdp: ws://localhost:50585/devtoo..., se:cdpVersion: 98.0.4758.102, setWindowRect: true, strictFileInteractability: false, timeouts: {implicit: 0, pageLoad: 300000, script: 30000}, unhandledPromptBehavior: dismiss and notify, webauthn:extension:credBlob: true, webauthn:extension:largeBlob: true, webauthn:virtualAuthenticators: true}" type="org.openqa.selenium.NoSuchSessionException">org.openqa.selenium.NoSuchSessionException: 
Session ID is null. Using WebDriver after calling quit()?
Build info: version: '4.0.0', revision: '3a21814679'
System info: host: 'PC', ip: '192.168.1.38', os.name: 'Windows 8.1', os.arch: 'amd64', os.version: '6.3', java.version: '11.0.11'
Driver info: org.openqa.selenium.chrome.ChromeDriver
Command: [null, get {url=https://www.amazon.com/}]
Capabilities {acceptInsecureCerts: false, browserName: chrome, browserVersion: 98.0.4758.102, chrome: {chromedriverVersion: 98.0.4758.102 (273bf7ac8c90..., userDataDir: C:\Users\pc1\AppData\Local\...}, goog:chromeOptions: {debuggerAddress: localhost:50585}, javascriptEnabled: true, networkConnectionEnabled: false, pageLoadStrategy: normal, platform: WINDOWS, platformName: WINDOWS, proxy: Proxy(), se:cdp: ws://localhost:50585/devtoo..., se:cdpVersion: 98.0.4758.102, setWindowRect: true, strictFileInteractability: false, timeouts: {implicit: 0, pageLoad: 300000, script: 30000}, unhandledPromptBehavior: dismiss and notify, webauthn:extension:credBlob: true, webauthn:extension:largeBlob: true, webauthn:virtualAuthenticators: true}
</error>
    <system-out><![CDATA[
@login @Regression @us01
Scenario: US02_TC03 The user should not be able to login with invalid information. (Negative Login) &amp#27;[90m# src/test/resources/features/ui_features/login.feature:32&amp#27;[0m
  &amp#27;[31mGiven &amp#27;[0m&amp#27;[31mUser goes to url.&amp#27;[0m                                                                           &amp#27;[90m# ui.stepDefinitions.amazonStepDefinitions.userGoesToUrl()&amp#27;[0m
      &amp#27;[31morg.openqa.selenium.NoSuchSessionException: Session ID is null. Using WebDriver after calling quit()?
Build info: version: '4.0.0', revision: '3a21814679'
System info: host: 'PC', ip: '192.168.1.38', os.name: 'Windows 8.1', os.arch: 'amd64', os.version: '6.3', java.version: '11.0.11'
Driver info: org.openqa.selenium.chrome.ChromeDriver
Command: [null, get {url=https://www.amazon.com/}]
Capabilities {acceptInsecureCerts: false, browserName: chrome, browserVersion: 98.0.4758.102, chrome: {chromedriverVersion: 98.0.4758.102 (273bf7ac8c90..., userDataDir: C:\Users\pc1\AppData\Local\...}, goog:chromeOptions: {debuggerAddress: localhost:50585}, javascriptEnabled: true, networkConnectionEnabled: false, pageLoadStrategy: normal, platform: WINDOWS, platformName: WINDOWS, proxy: Proxy(), se:cdp: ws://localhost:50585/devtoo..., se:cdpVersion: 98.0.4758.102, setWindowRect: true, strictFileInteractability: false, timeouts: {implicit: 0, pageLoad: 300000, script: 30000}, unhandledPromptBehavior: dismiss and notify, webauthn:extension:credBlob: true, webauthn:extension:largeBlob: true, webauthn:virtualAuthenticators: true}
	at org.openqa.selenium.remote.HttpCommandExecutor.execute(HttpCommandExecutor.java:145)
	at org.openqa.selenium.remote.service.DriverCommandExecutor.invokeExecute(DriverCommandExecutor.java:164)
	at org.openqa.selenium.remote.service.DriverCommandExecutor.execute(DriverCommandExecutor.java:139)
	at org.openqa.selenium.remote.RemoteWebDriver.execute(RemoteWebDriver.java:559)
	at org.openqa.selenium.remote.RemoteWebDriver.get(RemoteWebDriver.java:328)
	at ui.stepDefinitions.amazonStepDefinitions.userGoesToUrl(amazonStepDefinitions.java:93)
	at ?.User goes to url.(file:///C:/Users/pc1/eclipse-workspace/AmazonCapStone/src/test/resources/features/ui_features/login.feature:33)
&amp#27;[0m
  &amp#27;[36mThen &amp#27;[0m&amp#27;[36mThe user clicks the Sign-In button..&amp#27;[0m                                                         &amp#27;[90m# ui.stepDefinitions.amazonStepDefinitions.theUserClicksTheSignInButton()&amp#27;[0m
  &amp#27;[36mWhen &amp#27;[0m&amp#27;[36mUser enters invalid email.&amp#27;[0m                                                                   &amp#27;[90m# ui.stepDefinitions.amazonStepDefinitions.userEntersInvalidEmail()&amp#27;[0m
  &amp#27;[36mThen &amp#27;[0m&amp#27;[36mThe user clicks the continue button.&amp#27;[0m                                                         &amp#27;[90m# ui.stepDefinitions.amazonStepDefinitions.theUserClicksTheContinueButton()&amp#27;[0m
  &amp#27;[36mAnd &amp#27;[0m&amp#27;[36mThe user sees the Your password is incorrect.&amp#27;[0m                                                 &amp#27;[90m# ui.stepDefinitions.amazonStepDefinitions.theUserSeesTheYourPasswordIsIncorrect()&amp#27;[0m
  &amp#27;[36mAnd &amp#27;[0m&amp#27;[36mThe user closes the page.&amp#27;[0m                                                                     &amp#27;[90m# ui.stepDefinitions.amazonStepDefinitions.theUserClosesThePage()&amp#27;[0m
]]></system-out>
  </testcase>
</testsuite>