<?xml version="1.0" encoding="UTF-8" ?>
<testsuite tests="4" failures="0" name="ui.runners.RunnerUI" time="90.026" errors="0" skipped="0">
  <properties>
[...]
</properties>
  <testcase classname="login" name="US01_TC01 User must be able to login to the Site with a valid URL" time="37.315"/>
  <testcase classname="login" name="US02_TC01 The user should be able to login with valid information. (Positive Login)" time="23.697"/>
  <testcase classname="login" name="US02_TC02 The user should not be able to login with invalid information. (Negative Login)" time="15.91"/>
  <testcase classname="login" name="US02_TC03 The user should not be able to login with invalid information. (Negative Login)" time="13.104"/>
</testsuite>