<?xml version="1.0" encoding="UTF-8"?>
<testsuite xmlns:xsi="http://www.w3.org/2001/XMLSchema-instance" xsi:noNamespaceSchemaLocation="https://maven.apache.org/surefire/maven-surefire-plugin/xsd/surefire-test-report.xsd" name="Create And Delete ShopingList" time="50.44" tests="2" errors="0" skipped="0" failures="0">
  <properties>
[...]
</properties>
  <testcase name="US_08 User should be able to create and delete shoppingList." classname="Create And Delete ShopingList" time="23.45"/>
  <testcase name="US_09 User should be able to create and delete shoppingList." classname="Create And Delete ShopingList" time="26.99"/>
</testsuite>