[
  {
    "line": 1,
    "elements": [
      {
        "start_timestamp": "2022-03-01T12:32:41.744Z",
        "line": 3,
        "name": "US03_TC01 The user should be able to select any category from the ALL menu and see the subcategories listed.",
        "description": "",
        "id": "all-menu;us03-tc01-the-user-should-be-able-to-select-any-category-from-the-all-menu-and-see-the-subcategories-listed.",
        "type": "scenario",
        "keyword": "Scenario",
        "steps": [
          {
            "result": {
              "duration": 109960347000,
              "status": "passed"
            },
            "line": 4,
            "name": "User goes to url.",
            "match": {
              "location": "ui.stepDefinitions.amazonStepDefinitions.userGoesToUrl()"
            },
            "keyword": "Given "
          },
          {
            "result": {
              "error_message": "org.openqa.selenium.StaleElementReferenceException: stale element reference: element is not attached to the page document\n  (Session info: chrome\u003d98.0.4758.102)\nFor documentation on this error, please visit: https://selenium.dev/exceptions/#stale_element_reference\nBuild info: version: \u00274.0.0\u0027, revision: \u00273a21814679\u0027\nSystem info: host: \u0027PC\u0027, ip: \u0027192.168.1.38\u0027, os.name: \u0027Windows 8.1\u0027, os.arch: \u0027amd64\u0027, os.version: \u00276.3\u0027, java.version: \u002711.0.11\u0027\nDriver info: org.openqa.selenium.chrome.ChromeDriver\nCommand: [1349b8861a95674efa26ff943b35f263, clickElement {id\u003dfec2be74-66a8-48ee-92b8-80b9bb49f1c4}]\nCapabilities {acceptInsecureCerts: false, browserName: chrome, browserVersion: 98.0.4758.102, chrome: {chromedriverVersion: 98.0.4758.102 (273bf7ac8c90..., userDataDir: C:\\Users\\pc1\\AppData\\Local\\...}, goog:chromeOptions: {debuggerAddress: localhost:50571}, javascriptEnabled: true, networkConnectionEnabled: false, pageLoadStrategy: normal, platform: WINDOWS, platformName: WINDOWS, proxy: Proxy(), se:cdp: ws://localhost:50571/devtoo..., se:cdpVersion: 98.0.4758.102, setWindowRect: true, strictFileInteractability: false, timeouts: {implicit: 0, pageLoad: 300000, script: 30000}, unhandledPromptBehavior: dismiss and notify, webauthn:extension:credBlob: true, webauthn:extension:largeBlob: true, webauthn:virtualAuthenticators: true}\nElement: [[ChromeDriver: chrome on WINDOWS (1349b8861a95674efa26ff943b35f263)] -\u003e id: nav-hamburger-menu]\nSession ID: 1349b8861a95674efa26ff943b35f263\r\n\tat java.base/jdk.internal.reflect.NativeConstructorAccessorImpl.newInstance0(Native Method)\r\n\tat java.base/jdk.internal.reflect.NativeConstructorAccessorImpl.newInstance(NativeConstructorAccessorImpl.java:62)\r\n\tat java.base/jdk.internal.reflect.DelegatingConstructorAccessorImpl.newInstance(DelegatingConstructorAccessorImpl.java:45)\r\n\tat java.base/java.lang.reflect.Constructor.newInstance(Constructor.java:490)\r\n\tat org.openqa.selenium.remote.codec.w3c.W3CHttpResponseCodec.createException(W3CHttpResponseCodec.java:200)\r\n\tat org.openqa.selenium.remote.codec.w3c.W3CHttpResponseCodec.decode(W3CHttpResponseCodec.java:133)\r\n\tat org.openqa.selenium.remote.codec.w3c.W3CHttpResponseCodec.decode(W3CHttpResponseCodec.java:53)\r\n\tat org.openqa.selenium.remote.HttpCommandExecutor.execute(HttpCommandExecutor.java:184)\r\n\tat org.openqa.selenium.remote.service.DriverCommandExecutor.invokeExecute(DriverCommandExecutor.java:164)\r\n\tat org.openqa.selenium.remote.service.DriverCommandExecutor.execute(DriverCommandExecutor.java:139)\r\n\tat org.openqa.selenium.remote.RemoteWebDriver.execute(RemoteWebDriver.java:559)\r\n\tat org.openqa.selenium.remote.RemoteWebElement.execute(RemoteWebElement.java:251)\r\n\tat org.openqa.selenium.remote.RemoteWebElement.click(RemoteWebElement.java:77)\r\n\tat java.base/jdk.internal.reflect.NativeMethodAccessorImpl.invoke0(Native Method)\r\n\tat java.base/jdk.internal.reflect.NativeMethodAccessorImpl.invoke(NativeMethodAccessorImpl.java:62)\r\n\tat java.base/jdk.internal.reflect.DelegatingMethodAccessorImpl.invoke(DelegatingMethodAccessorImpl.java:43)\r\n\tat java.base/java.lang.reflect.Method.invoke(Method.java:566)\r\n\tat org.openqa.selenium.support.pagefactory.internal.LocatingElementHandler.invoke(LocatingElementHandler.java:52)\r\n\tat com.sun.proxy.$Proxy22.click(Unknown Source)\r\n\tat ui.stepDefinitions.amazonStepDefinitions.kullaniciALLButonunaTiklar(amazonStepDefinitions.java:60)\r\n\tat ✽.kullanici ALL butonuna tiklar(file:///C:/Users/pc1/eclipse-workspace/AmazonCapStone/src/test/resources/features/ui_features/amazonAllMenu.feature:5)\r\n",
              "duration": 29777297800,
              "status": "failed"
            },
            "line": 5,
            "name": "kullanici ALL butonuna tiklar",
            "match": {
              "location": "ui.stepDefinitions.amazonStepDefinitions.kullaniciALLButonunaTiklar()"
            },
            "keyword": "When "
          },
          {
            "result": {
              "duration": 1000300,
              "status": "skipped"
            },
            "line": 6,
            "name": "kullanici \"Electronics\" Basligina Tiklar",
            "match": {
              "arguments": [
                {
                  "val": "\"Electronics\"",
                  "offset": 10
                }
              ],
              "location": "ui.stepDefinitions.amazonStepDefinitions.kullaniciBasliginaTiklar(java.lang.String)"
            },
            "keyword": "Then "
          },
          {
            "result": {
              "status": "skipped"
            },
            "line": 7,
            "name": "The user should be able to see and click all the titles in the ALL menu.",
            "match": {
              "location": "ui.stepDefinitions.amazonStepDefinitions.theUserShouldBeAbleToSeeAndClickAllTheTitlesInTheALLMenu()"
            },
            "keyword": "And "
          }
        ]
      }
    ],
    "name": "All Menu",
    "description": "",
    "id": "all-menu",
    "keyword": "Feature",
    "uri": "file:src/test/resources/features/ui_features/amazonAllMenu.feature",
    "tags": []
  },
  {
    "line": 4,
    "elements": [
      {
        "start_timestamp": "2022-03-01T12:32:41.744Z",
        "line": 5,
        "name": "US07_TC01 The user should make sure that the links in any row or column of the links at the bottom of the home page lead to the correct page.",
        "description": "",
        "id": "footer;us07-tc01-the-user-should-make-sure-that-the-links-in-any-row-or-column-of-the-links-at-the-bottom-of-the-home-page-lead-to-the-correct-page.",
        "type": "scenario",
        "keyword": "Scenario",
        "steps": [
          {
            "result": {
              "duration": 68650021600,
              "status": "passed"
            },
            "line": 6,
            "name": "User goes to url.",
            "match": {
              "location": "ui.stepDefinitions.amazonStepDefinitions.userGoesToUrl()"
            },
            "keyword": "Given "
          },
          {
            "result": {
              "duration": 8455704500,
              "status": "passed"
            },
            "line": 7,
            "name": "User goes to FOOTER.",
            "match": {
              "location": "ui.stepDefinitions.amazonStepDefinitions.userGoesToFOOTER()"
            },
            "keyword": "When "
          },
          {
            "result": {
              "duration": 26353562700,
              "status": "passed"
            },
            "line": 8,
            "name": "The user clicks on a link.",
            "match": {
              "location": "ui.stepDefinitions.amazonStepDefinitions.theUserClicksOnALink()"
            },
            "keyword": "Then "
          },
          {
            "result": {
              "duration": 7005000,
              "status": "passed"
            },
            "line": 9,
            "name": "The user verifies the title of the page he is directed to.",
            "match": {
              "location": "ui.stepDefinitions.amazonStepDefinitions.theUserVerifiesTheTitleOfThePageHeIsDirectedTo()"
            },
            "keyword": "And "
          },
          {
            "result": {
              "error_message": "org.openqa.selenium.WebDriverException: Timed out waiting for driver server to stop.\nBuild info: version: \u00274.0.0\u0027, revision: \u00273a21814679\u0027\nSystem info: host: \u0027PC\u0027, ip: \u0027192.168.1.38\u0027, os.name: \u0027Windows 8.1\u0027, os.arch: \u0027amd64\u0027, os.version: \u00276.3\u0027, java.version: \u002711.0.11\u0027\nDriver info: org.openqa.selenium.chrome.ChromeDriver\nCommand: [60ac7ccdc93f55c3cc31970ae277991f, quit {}]\nCapabilities {acceptInsecureCerts: false, browserName: chrome, browserVersion: 98.0.4758.102, chrome: {chromedriverVersion: 98.0.4758.102 (273bf7ac8c90..., userDataDir: C:\\Users\\pc1\\AppData\\Local\\...}, goog:chromeOptions: {debuggerAddress: localhost:50587}, javascriptEnabled: true, networkConnectionEnabled: false, pageLoadStrategy: normal, platform: WINDOWS, platformName: WINDOWS, proxy: Proxy(), se:cdp: ws://localhost:50587/devtoo..., se:cdpVersion: 98.0.4758.102, setWindowRect: true, strictFileInteractability: false, timeouts: {implicit: 0, pageLoad: 300000, script: 30000}, unhandledPromptBehavior: dismiss and notify, webauthn:extension:credBlob: true, webauthn:extension:largeBlob: true, webauthn:virtualAuthenticators: true}\nSession ID: 60ac7ccdc93f55c3cc31970ae277991f\r\n\tat org.openqa.selenium.remote.service.DriverCommandExecutor.execute(DriverCommandExecutor.java:129)\r\n\tat org.openqa.selenium.remote.RemoteWebDriver.execute(RemoteWebDriver.java:559)\r\n\tat org.openqa.selenium.remote.RemoteWebDriver.execute(RemoteWebDriver.java:614)\r\n\tat org.openqa.selenium.remote.RemoteWebDriver.execute(RemoteWebDriver.java:618)\r\n\tat org.openqa.selenium.remote.RemoteWebDriver.quit(RemoteWebDriver.java:455)\r\n\tat org.openqa.selenium.chromium.ChromiumDriver.quit(ChromiumDriver.java:287)\r\n\tat utilities.Driver.closeDriver(Driver.java:63)\r\n\tat ui.stepDefinitions.amazonStepDefinitions.theUserClosesThePage(amazonStepDefinitions.java:104)\r\n\tat ✽.The user closes the page.(file:///C:/Users/pc1/eclipse-workspace/AmazonCapStone/src/test/resources/features/ui_features/footer.feature:10)\r\nCaused by: java.util.concurrent.ExecutionException: org.openqa.selenium.TimeoutException: Process timed out after waiting for 20000 ms.\nBuild info: version: \u00274.0.0\u0027, revision: \u00273a21814679\u0027\nSystem info: host: \u0027PC\u0027, ip: \u0027192.168.1.38\u0027, os.name: \u0027Windows 8.1\u0027, os.arch: \u0027amd64\u0027, os.version: \u00276.3\u0027, java.version: \u002711.0.11\u0027\nDriver info: driver.version: unknown\r\n\tat java.base/java.util.concurrent.CompletableFuture.reportGet(CompletableFuture.java:395)\r\n\tat java.base/java.util.concurrent.CompletableFuture.get(CompletableFuture.java:2022)\r\n\tat org.openqa.selenium.remote.service.DriverCommandExecutor.execute(DriverCommandExecutor.java:125)\r\n\tat org.openqa.selenium.remote.RemoteWebDriver.execute(RemoteWebDriver.java:559)\r\n\tat org.openqa.selenium.remote.RemoteWebDriver.execute(RemoteWebDriver.java:614)\r\n\tat org.openqa.selenium.remote.RemoteWebDriver.execute(RemoteWebDriver.java:618)\r\n\tat org.openqa.selenium.remote.RemoteWebDriver.quit(RemoteWebDriver.java:455)\r\n\tat org.openqa.selenium.chromium.ChromiumDriver.quit(ChromiumDriver.java:287)\r\n\tat utilities.Driver.closeDriver(Driver.java:63)\r\n\tat ui.stepDefinitions.amazonStepDefinitions.theUserClosesThePage(amazonStepDefinitions.java:104)\r\n\tat java.base/jdk.internal.reflect.NativeMethodAccessorImpl.invoke0(Native Method)\r\n\tat java.base/jdk.internal.reflect.NativeMethodAccessorImpl.invoke(NativeMethodAccessorImpl.java:62)\r\n\tat java.base/jdk.internal.reflect.DelegatingMethodAccessorImpl.invoke(DelegatingMethodAccessorImpl.java:43)\r\n\tat java.base/java.lang.reflect.Method.invoke(Method.java:566)\r\n\tat io.cucumber.java.Invoker.doInvoke(Invoker.java:66)\r\n\tat io.cucumber.java.Invoker.invoke(Invoker.java:24)\r\n\tat io.cucumber.java.AbstractGlueDefinition.invokeMethod(AbstractGlueDefinition.java:47)\r\n\tat io.cucumber.java.JavaStepDefinition.execute(JavaStepDefinition.java:29)\r\n\tat io.cucumber.core.runner.CoreStepDefinition.execute(CoreStepDefinition.java:66)\r\n\tat io.cucumber.core.runner.PickleStepDefinitionMatch.runStep(PickleStepDefinitionMatch.java:63)\r\n\tat io.cucumber.core.runner.ExecutionMode$1.execute(ExecutionMode.java:10)\r\n\tat io.cucumber.core.runner.TestStep.executeStep(TestStep.java:92)\r\n\tat io.cucumber.core.runner.TestStep.run(TestStep.java:64)\r\n\tat io.cucumber.core.runner.PickleStepTestStep.run(PickleStepTestStep.java:51)\r\n\tat io.cucumber.core.runner.TestCase.run(TestCase.java:104)\r\n\tat io.cucumber.core.runner.Runner.runPickle(Runner.java:73)\r\n\tat io.cucumber.junit.PickleRunners$NoStepDescriptions.run(PickleRunners.java:151)\r\n\tat io.cucumber.junit.FeatureRunner.runChild(FeatureRunner.java:135)\r\n\tat io.cucumber.junit.FeatureRunner.runChild(FeatureRunner.java:27)\r\n\tat org.junit.runners.ParentRunner$4.run(ParentRunner.java:331)\r\n\tat org.junit.runners.ParentRunner$1.schedule(ParentRunner.java:79)\r\n\tat org.junit.runners.ParentRunner.runChildren(ParentRunner.java:329)\r\n\tat org.junit.runners.ParentRunner.access$100(ParentRunner.java:66)\r\n\tat org.junit.runners.ParentRunner$2.evaluate(ParentRunner.java:293)\r\n\tat org.junit.runners.ParentRunner$3.evaluate(ParentRunner.java:306)\r\n\tat org.junit.runners.ParentRunner.run(ParentRunner.java:413)\r\n\tat io.cucumber.junit.Cucumber.runChild(Cucumber.java:200)\r\n\tat io.cucumber.junit.Cucumber.runChild(Cucumber.java:90)\r\n\tat org.junit.runners.ParentRunner$4.run(ParentRunner.java:331)\r\n\tat org.apache.maven.surefire.junitcore.pc.Scheduler$1.run(Scheduler.java:405)\r\n\tat java.base/java.util.concurrent.Executors$RunnableAdapter.call(Executors.java:515)\r\n\tat java.base/java.util.concurrent.FutureTask.run(FutureTask.java:264)\r\n\tat java.base/java.util.concurrent.ThreadPoolExecutor.runWorker(ThreadPoolExecutor.java:1128)\r\n\tat java.base/java.util.concurrent.ThreadPoolExecutor$Worker.run(ThreadPoolExecutor.java:628)\r\n\tat java.base/java.lang.Thread.run(Thread.java:834)\r\nCaused by: org.openqa.selenium.TimeoutException: Process timed out after waiting for 20000 ms.\nBuild info: version: \u00274.0.0\u0027, revision: \u00273a21814679\u0027\nSystem info: host: \u0027PC\u0027, ip: \u0027192.168.1.38\u0027, os.name: \u0027Windows 8.1\u0027, os.arch: \u0027amd64\u0027, os.version: \u00276.3\u0027, java.version: \u002711.0.11\u0027\nDriver info: driver.version: unknown\r\n\tat org.openqa.selenium.os.OsProcess.waitFor(OsProcess.java:174)\r\n\tat org.openqa.selenium.os.CommandLine.waitFor(CommandLine.java:127)\r\n\tat org.openqa.selenium.remote.service.DriverCommandExecutor.lambda$execute$2(DriverCommandExecutor.java:119)\r\n\tat java.base/java.util.concurrent.CompletableFuture$AsyncSupply.run(CompletableFuture.java:1700)\r\n\t... 3 more\r\n",
              "duration": 20541889900,
              "status": "failed"
            },
            "line": 10,
            "name": "The user closes the page.",
            "match": {
              "location": "ui.stepDefinitions.amazonStepDefinitions.theUserClosesThePage()"
            },
            "keyword": "And "
          }
        ],
        "tags": [
          {
            "name": "@Regression"
          },
          {
            "name": "@footer"
          },
          {
            "name": "@us07"
          }
        ]
      }
    ],
    "name": "footer",
    "description": "",
    "id": "footer",
    "keyword": "Feature",
    "uri": "file:src/test/resources/features/ui_features/footer.feature",
    "tags": [
      {
        "name": "@Regression",
        "type": "Tag",
        "location": {
          "line": 1,
          "column": 1
        }
      },
      {
        "name": "@footer",
        "type": "Tag",
        "location": {
          "line": 2,
          "column": 3
        }
      },
      {
        "name": "@us07",
        "type": "Tag",
        "location": {
          "line": 3,
          "column": 3
        }
      }
    ]
  },
  {
    "line": 4,
    "elements": [
      {
        "start_timestamp": "2022-03-01T12:32:41.744Z",
        "line": 5,
        "name": "US01_TC01 User must be able to login to the Site with a valid URL",
        "description": "",
        "id": "login;us01-tc01-user-must-be-able-to-login-to-the-site-with-a-valid-url",
        "type": "scenario",
        "keyword": "Scenario",
        "steps": [
          {
            "result": {
              "duration": 104270412500,
              "status": "passed"
            },
            "line": 6,
            "name": "User goes to url.",
            "match": {
              "location": "ui.stepDefinitions.amazonStepDefinitions.userGoesToUrl()"
            },
            "keyword": "Given "
          },
          {
            "result": {
              "error_message": "org.openqa.selenium.NoSuchSessionException: invalid session id\nBuild info: version: \u00274.0.0\u0027, revision: \u00273a21814679\u0027\nSystem info: host: \u0027PC\u0027, ip: \u0027192.168.1.38\u0027, os.name: \u0027Windows 8.1\u0027, os.arch: \u0027amd64\u0027, os.version: \u00276.3\u0027, java.version: \u002711.0.11\u0027\nDriver info: org.openqa.selenium.chrome.ChromeDriver\nCommand: [60ac7ccdc93f55c3cc31970ae277991f, getCurrentUrl {}]\nCapabilities {acceptInsecureCerts: false, browserName: chrome, browserVersion: 98.0.4758.102, chrome: {chromedriverVersion: 98.0.4758.102 (273bf7ac8c90..., userDataDir: C:\\Users\\pc1\\AppData\\Local\\...}, goog:chromeOptions: {debuggerAddress: localhost:50587}, javascriptEnabled: true, networkConnectionEnabled: false, pageLoadStrategy: normal, platform: WINDOWS, platformName: WINDOWS, proxy: Proxy(), se:cdp: ws://localhost:50587/devtoo..., se:cdpVersion: 98.0.4758.102, setWindowRect: true, strictFileInteractability: false, timeouts: {implicit: 0, pageLoad: 300000, script: 30000}, unhandledPromptBehavior: dismiss and notify, webauthn:extension:credBlob: true, webauthn:extension:largeBlob: true, webauthn:virtualAuthenticators: true}\r\n\tat java.base/jdk.internal.reflect.NativeConstructorAccessorImpl.newInstance0(Native Method)\r\n\tat java.base/jdk.internal.reflect.NativeConstructorAccessorImpl.newInstance(NativeConstructorAccessorImpl.java:62)\r\n\tat java.base/jdk.internal.reflect.DelegatingConstructorAccessorImpl.newInstance(DelegatingConstructorAccessorImpl.java:45)\r\n\tat java.base/java.lang.reflect.Constructor.newInstance(Constructor.java:490)\r\n\tat org.openqa.selenium.remote.codec.w3c.W3CHttpResponseCodec.createException(W3CHttpResponseCodec.java:200)\r\n\tat org.openqa.selenium.remote.codec.w3c.W3CHttpResponseCodec.decode(W3CHttpResponseCodec.java:133)\r\n\tat org.openqa.selenium.remote.codec.w3c.W3CHttpResponseCodec.decode(W3CHttpResponseCodec.java:53)\r\n\tat org.openqa.selenium.remote.HttpCommandExecutor.execute(HttpCommandExecutor.java:184)\r\n\tat org.openqa.selenium.remote.service.DriverCommandExecutor.invokeExecute(DriverCommandExecutor.java:164)\r\n\tat org.openqa.selenium.remote.service.DriverCommandExecutor.execute(DriverCommandExecutor.java:139)\r\n\tat org.openqa.selenium.remote.RemoteWebDriver.execute(RemoteWebDriver.java:559)\r\n\tat org.openqa.selenium.remote.RemoteWebDriver.execute(RemoteWebDriver.java:614)\r\n\tat org.openqa.selenium.remote.RemoteWebDriver.execute(RemoteWebDriver.java:618)\r\n\tat org.openqa.selenium.remote.RemoteWebDriver.getCurrentUrl(RemoteWebDriver.java:340)\r\n\tat ui.stepDefinitions.amazonStepDefinitions.theUserVerifiesThatAt(amazonStepDefinitions.java:98)\r\n\tat ✽.The user verifies that at \"https://www.amazon.com/\".(file:///C:/Users/pc1/eclipse-workspace/AmazonCapStone/src/test/resources/features/ui_features/login.feature:7)\r\n",
              "duration": 31930429300,
              "status": "failed"
            },
            "line": 7,
            "name": "The user verifies that at \"https://www.amazon.com/\".",
            "match": {
              "arguments": [
                {
                  "val": "\"https://www.amazon.com/\"",
                  "offset": 26
                }
              ],
              "location": "ui.stepDefinitions.amazonStepDefinitions.theUserVerifiesThatAt(java.lang.String)"
            },
            "keyword": "Then "
          },
          {
            "result": {
              "status": "skipped"
            },
            "line": 8,
            "name": "The user closes the page.",
            "match": {
              "location": "ui.stepDefinitions.amazonStepDefinitions.theUserClosesThePage()"
            },
            "keyword": "And "
          }
        ],
        "tags": [
          {
            "name": "@login"
          },
          {
            "name": "@Regression"
          },
          {
            "name": "@us01"
          }
        ]
      },
      {
        "start_timestamp": "2022-03-01T12:34:57.955Z",
        "line": 11,
        "name": "US02_TC01 The user should be able to login with valid information. (Positive Login)",
        "description": "",
        "id": "login;us02-tc01-the-user-should-be-able-to-login-with-valid-information.-(positive-login)",
        "type": "scenario",
        "keyword": "Scenario",
        "steps": [
          {
            "result": {
              "error_message": "org.openqa.selenium.NoSuchSessionException: Session ID is null. Using WebDriver after calling quit()?\nBuild info: version: \u00274.0.0\u0027, revision: \u00273a21814679\u0027\nSystem info: host: \u0027PC\u0027, ip: \u0027192.168.1.38\u0027, os.name: \u0027Windows 8.1\u0027, os.arch: \u0027amd64\u0027, os.version: \u00276.3\u0027, java.version: \u002711.0.11\u0027\nDriver info: org.openqa.selenium.chrome.ChromeDriver\nCommand: [null, get {url\u003dhttps://www.amazon.com/}]\nCapabilities {acceptInsecureCerts: false, browserName: chrome, browserVersion: 98.0.4758.102, chrome: {chromedriverVersion: 98.0.4758.102 (273bf7ac8c90..., userDataDir: C:\\Users\\pc1\\AppData\\Local\\...}, goog:chromeOptions: {debuggerAddress: localhost:50587}, javascriptEnabled: true, networkConnectionEnabled: false, pageLoadStrategy: normal, platform: WINDOWS, platformName: WINDOWS, proxy: Proxy(), se:cdp: ws://localhost:50587/devtoo..., se:cdpVersion: 98.0.4758.102, setWindowRect: true, strictFileInteractability: false, timeouts: {implicit: 0, pageLoad: 300000, script: 30000}, unhandledPromptBehavior: dismiss and notify, webauthn:extension:credBlob: true, webauthn:extension:largeBlob: true, webauthn:virtualAuthenticators: true}\r\n\tat org.openqa.selenium.remote.HttpCommandExecutor.execute(HttpCommandExecutor.java:145)\r\n\tat org.openqa.selenium.remote.service.DriverCommandExecutor.invokeExecute(DriverCommandExecutor.java:164)\r\n\tat org.openqa.selenium.remote.service.DriverCommandExecutor.execute(DriverCommandExecutor.java:139)\r\n\tat org.openqa.selenium.remote.RemoteWebDriver.execute(RemoteWebDriver.java:559)\r\n\tat org.openqa.selenium.remote.RemoteWebDriver.get(RemoteWebDriver.java:328)\r\n\tat ui.stepDefinitions.amazonStepDefinitions.userGoesToUrl(amazonStepDefinitions.java:93)\r\n\tat ✽.User goes to url.(file:///C:/Users/pc1/eclipse-workspace/AmazonCapStone/src/test/resources/features/ui_features/login.feature:12)\r\n",
              "duration": 3002300,
              "status": "failed"
            },
            "line": 12,
            "name": "User goes to url.",
            "match": {
              "location": "ui.stepDefinitions.amazonStepDefinitions.userGoesToUrl()"
            },
            "keyword": "Given "
          },
          {
            "result": {
              "duration": 1001000,
              "status": "skipped"
            },
            "line": 13,
            "name": "The user clicks the Sign-In button..",
            "match": {
              "location": "ui.stepDefinitions.amazonStepDefinitions.theUserClicksTheSignInButton()"
            },
            "keyword": "Then "
          },
          {
            "result": {
              "status": "skipped"
            },
            "line": 14,
            "name": "User enters valid email.",
            "match": {
              "location": "ui.stepDefinitions.amazonStepDefinitions.userEntersValidEmail()"
            },
            "keyword": "When "
          },
          {
            "result": {
              "status": "skipped"
            },
            "line": 15,
            "name": "The user clicks the continue button.",
            "match": {
              "location": "ui.stepDefinitions.amazonStepDefinitions.theUserClicksTheContinueButton()"
            },
            "keyword": "Then "
          },
          {
            "result": {
              "status": "skipped"
            },
            "line": 16,
            "name": "User enters valid password.",
            "match": {
              "location": "ui.stepDefinitions.amazonStepDefinitions.userEntersValidPassword()"
            },
            "keyword": "When "
          },
          {
            "result": {
              "status": "skipped"
            },
            "line": 17,
            "name": "The user clicks the Sign-In button.",
            "match": {
              "location": "ui.stepDefinitions.amazonStepDefinitions.UserClicksTheSignInButton()"
            },
            "keyword": "Then "
          },
          {
            "result": {
              "status": "skipped"
            },
            "line": 18,
            "name": "The user sees the text \"Hello,USER\".",
            "match": {
              "arguments": [
                {
                  "val": "\"Hello,USER\"",
                  "offset": 23
                }
              ],
              "location": "ui.stepDefinitions.amazonStepDefinitions.theUserSeesTheText(java.lang.String)"
            },
            "keyword": "And "
          },
          {
            "result": {
              "duration": 1001900,
              "status": "skipped"
            },
            "line": 19,
            "name": "User logs out of account",
            "match": {
              "location": "ui.stepDefinitions.amazonStepDefinitions.userLogsOutOfAccount()"
            },
            "keyword": "Then "
          },
          {
            "result": {
              "status": "skipped"
            },
            "line": 20,
            "name": "The user closes the page.",
            "match": {
              "location": "ui.stepDefinitions.amazonStepDefinitions.theUserClosesThePage()"
            },
            "keyword": "And "
          }
        ],
        "tags": [
          {
            "name": "@login"
          },
          {
            "name": "@Regression"
          },
          {
            "name": "@us01"
          },
          {
            "name": "@us02"
          }
        ]
      },
      {
        "start_timestamp": "2022-03-01T12:34:57.972Z",
        "line": 22,
        "name": "US02_TC02 The user should not be able to login with invalid information. (Negative Login)",
        "description": "",
        "id": "login;us02-tc02-the-user-should-not-be-able-to-login-with-invalid-information.-(negative-login)",
        "type": "scenario",
        "keyword": "Scenario",
        "steps": [
          {
            "result": {
              "error_message": "org.openqa.selenium.NoSuchSessionException: Session ID is null. Using WebDriver after calling quit()?\nBuild info: version: \u00274.0.0\u0027, revision: \u00273a21814679\u0027\nSystem info: host: \u0027PC\u0027, ip: \u0027192.168.1.38\u0027, os.name: \u0027Windows 8.1\u0027, os.arch: \u0027amd64\u0027, os.version: \u00276.3\u0027, java.version: \u002711.0.11\u0027\nDriver info: org.openqa.selenium.chrome.ChromeDriver\nCommand: [null, get {url\u003dhttps://www.amazon.com/}]\nCapabilities {acceptInsecureCerts: false, browserName: chrome, browserVersion: 98.0.4758.102, chrome: {chromedriverVersion: 98.0.4758.102 (273bf7ac8c90..., userDataDir: C:\\Users\\pc1\\AppData\\Local\\...}, goog:chromeOptions: {debuggerAddress: localhost:50587}, javascriptEnabled: true, networkConnectionEnabled: false, pageLoadStrategy: normal, platform: WINDOWS, platformName: WINDOWS, proxy: Proxy(), se:cdp: ws://localhost:50587/devtoo..., se:cdpVersion: 98.0.4758.102, setWindowRect: true, strictFileInteractability: false, timeouts: {implicit: 0, pageLoad: 300000, script: 30000}, unhandledPromptBehavior: dismiss and notify, webauthn:extension:credBlob: true, webauthn:extension:largeBlob: true, webauthn:virtualAuthenticators: true}\r\n\tat org.openqa.selenium.remote.HttpCommandExecutor.execute(HttpCommandExecutor.java:145)\r\n\tat org.openqa.selenium.remote.service.DriverCommandExecutor.invokeExecute(DriverCommandExecutor.java:164)\r\n\tat org.openqa.selenium.remote.service.DriverCommandExecutor.execute(DriverCommandExecutor.java:139)\r\n\tat org.openqa.selenium.remote.RemoteWebDriver.execute(RemoteWebDriver.java:559)\r\n\tat org.openqa.selenium.remote.RemoteWebDriver.get(RemoteWebDriver.java:328)\r\n\tat ui.stepDefinitions.amazonStepDefinitions.userGoesToUrl(amazonStepDefinitions.java:93)\r\n\tat ✽.User goes to url.(file:///C:/Users/pc1/eclipse-workspace/AmazonCapStone/src/test/resources/features/ui_features/login.feature:23)\r\n",
              "duration": 3002300,
              "status": "failed"
            },
            "line": 23,
            "name": "User goes to url.",
            "match": {
              "location": "ui.stepDefinitions.amazonStepDefinitions.userGoesToUrl()"
            },
            "keyword": "Given "
          },
          {
            "result": {
              "status": "skipped"
            },
            "line": 24,
            "name": "The user clicks the Sign-In button..",
            "match": {
              "location": "ui.stepDefinitions.amazonStepDefinitions.theUserClicksTheSignInButton()"
            },
            "keyword": "Then "
          },
          {
            "result": {
              "status": "skipped"
            },
            "line": 25,
            "name": "User enters valid email.",
            "match": {
              "location": "ui.stepDefinitions.amazonStepDefinitions.userEntersValidEmail()"
            },
            "keyword": "When "
          },
          {
            "result": {
              "status": "skipped"
            },
            "line": 26,
            "name": "The user clicks the continue button.",
            "match": {
              "location": "ui.stepDefinitions.amazonStepDefinitions.theUserClicksTheContinueButton()"
            },
            "keyword": "Then "
          },
          {
            "result": {
              "status": "skipped"
            },
            "line": 27,
            "name": "User enters invalid password.",
            "match": {
              "location": "ui.stepDefinitions.amazonStepDefinitions.userEntersInvalidPassword()"
            },
            "keyword": "When "
          },
          {
            "result": {
              "status": "skipped"
            },
            "line": 28,
            "name": "The user clicks the Sign-In button.",
            "match": {
              "location": "ui.stepDefinitions.amazonStepDefinitions.UserClicksTheSignInButton()"
            },
            "keyword": "Then "
          },
          {
            "result": {
              "duration": 1000700,
              "status": "skipped"
            },
            "line": 29,
            "name": "The user sees the Your password is incorrect.",
            "match": {
              "location": "ui.stepDefinitions.amazonStepDefinitions.theUserSeesTheYourPasswordIsIncorrect()"
            },
            "keyword": "And "
          },
          {
            "result": {
              "status": "skipped"
            },
            "line": 30,
            "name": "The user closes the page.",
            "match": {
              "location": "ui.stepDefinitions.amazonStepDefinitions.theUserClosesThePage()"
            },
            "keyword": "And "
          }
        ],
        "tags": [
          {
            "name": "@login"
          },
          {
            "name": "@Regression"
          },
          {
            "name": "@us01"
          }
        ]
      },
      {
        "start_timestamp": "2022-03-01T12:34:57.990Z",
        "line": 32,
        "name": "US02_TC03 The user should not be able to login with invalid information. (Negative Login)",
        "description": "",
        "id": "login;us02-tc03-the-user-should-not-be-able-to-login-with-invalid-information.-(negative-login)",
        "type": "scenario",
        "keyword": "Scenario",
        "steps": [
          {
            "result": {
              "error_message": "org.openqa.selenium.NoSuchSessionException: Session ID is null. Using WebDriver after calling quit()?\nBuild info: version: \u00274.0.0\u0027, revision: \u00273a21814679\u0027\nSystem info: host: \u0027PC\u0027, ip: \u0027192.168.1.38\u0027, os.name: \u0027Windows 8.1\u0027, os.arch: \u0027amd64\u0027, os.version: \u00276.3\u0027, java.version: \u002711.0.11\u0027\nDriver info: org.openqa.selenium.chrome.ChromeDriver\nCommand: [null, get {url\u003dhttps://www.amazon.com/}]\nCapabilities {acceptInsecureCerts: false, browserName: chrome, browserVersion: 98.0.4758.102, chrome: {chromedriverVersion: 98.0.4758.102 (273bf7ac8c90..., userDataDir: C:\\Users\\pc1\\AppData\\Local\\...}, goog:chromeOptions: {debuggerAddress: localhost:50587}, javascriptEnabled: true, networkConnectionEnabled: false, pageLoadStrategy: normal, platform: WINDOWS, platformName: WINDOWS, proxy: Proxy(), se:cdp: ws://localhost:50587/devtoo..., se:cdpVersion: 98.0.4758.102, setWindowRect: true, strictFileInteractability: false, timeouts: {implicit: 0, pageLoad: 300000, script: 30000}, unhandledPromptBehavior: dismiss and notify, webauthn:extension:credBlob: true, webauthn:extension:largeBlob: true, webauthn:virtualAuthenticators: true}\r\n\tat org.openqa.selenium.remote.HttpCommandExecutor.execute(HttpCommandExecutor.java:145)\r\n\tat org.openqa.selenium.remote.service.DriverCommandExecutor.invokeExecute(DriverCommandExecutor.java:164)\r\n\tat org.openqa.selenium.remote.service.DriverCommandExecutor.execute(DriverCommandExecutor.java:139)\r\n\tat org.openqa.selenium.remote.RemoteWebDriver.execute(RemoteWebDriver.java:559)\r\n\tat org.openqa.selenium.remote.RemoteWebDriver.get(RemoteWebDriver.java:328)\r\n\tat ui.stepDefinitions.amazonStepDefinitions.userGoesToUrl(amazonStepDefinitions.java:93)\r\n\tat ✽.User goes to url.(file:///C:/Users/pc1/eclipse-workspace/AmazonCapStone/src/test/resources/features/ui_features/login.feature:33)\r\n",
              "duration": 3001400,
              "status": "failed"
            },
            "line": 33,
            "name": "User goes to url.",
            "match": {
              "location": "ui.stepDefinitions.amazonStepDefinitions.userGoesToUrl()"
            },
            "keyword": "Given "
          },
          {
            "result": {
              "status": "skipped"
            },
            "line": 34,
            "name": "The user clicks the Sign-In button..",
            "match": {
              "location": "ui.stepDefinitions.amazonStepDefinitions.theUserClicksTheSignInButton()"
            },
            "keyword": "Then "
          },
          {
            "result": {
              "status": "skipped"
            },
            "line": 35,
            "name": "User enters invalid email.",
            "match": {
              "location": "ui.stepDefinitions.amazonStepDefinitions.userEntersInvalidEmail()"
            },
            "keyword": "When "
          },
          {
            "result": {
              "status": "skipped"
            },
            "line": 36,
            "name": "The user clicks the continue button.",
            "match": {
              "location": "ui.stepDefinitions.amazonStepDefinitions.theUserClicksTheContinueButton()"
            },
            "keyword": "Then "
          },
          {
            "result": {
              "status": "skipped"
            },
            "line": 37,
            "name": "The user sees the Your password is incorrect.",
            "match": {
              "location": "ui.stepDefinitions.amazonStepDefinitions.theUserSeesTheYourPasswordIsIncorrect()"
            },
            "keyword": "And "
          },
          {
            "result": {
              "status": "skipped"
            },
            "line": 38,
            "name": "The user closes the page.",
            "match": {
              "location": "ui.stepDefinitions.amazonStepDefinitions.theUserClosesThePage()"
            },
            "keyword": "And "
          }
        ],
        "tags": [
          {
            "name": "@login"
          },
          {
            "name": "@Regression"
          },
          {
            "name": "@us01"
          }
        ]
      }
    ],
    "name": "login",
    "description": "",
    "id": "login",
    "keyword": "Feature",
    "uri": "file:src/test/resources/features/ui_features/login.feature",
    "tags": [
      {
        "name": "@login",
        "type": "Tag",
        "location": {
          "line": 1,
          "column": 1
        }
      },
      {
        "name": "@Regression",
        "type": "Tag",
        "location": {
          "line": 2,
          "column": 1
        }
      },
      {
        "name": "@us01",
        "type": "Tag",
        "location": {
          "line": 3,
          "column": 3
        }
      }
    ]
  },
  {
    "line": 3,
    "elements": [
      {
        "start_timestamp": "2022-03-01T12:32:41.744Z",
        "line": 13,
        "name": "US04_TC01 When the user searches for a product, all listed products must contain the searched word",
        "description": "",
        "id": "product;us04-tc01-when-the-user-searches-for-a-product--all-listed-products-must-contain-the-searched-word;;2",
        "type": "scenario",
        "keyword": "Scenario Outline",
        "steps": [
          {
            "result": {
              "duration": 68507965400,
              "status": "passed"
            },
            "line": 7,
            "name": "User goes to url.",
            "match": {
              "location": "ui.stepDefinitions.amazonStepDefinitions.userGoesToUrl()"
            },
            "keyword": "Given "
          },
          {
            "result": {
              "duration": 70840551200,
              "status": "passed"
            },
            "line": 8,
            "name": "User types the \"mango\" in the search box.",
            "match": {
              "arguments": [
                {
                  "val": "\"mango\"",
                  "offset": 15
                }
              ],
              "location": "ui.stepDefinitions.amazonStepDefinitions.userTypesTheInTheSearchBox(java.lang.String)"
            },
            "keyword": "When "
          },
          {
            "result": {
              "duration": 44027800,
              "status": "passed"
            },
            "line": 9,
            "name": "User verifies that the \"mango\" he is looking for includes the products listed.",
            "match": {
              "arguments": [
                {
                  "val": "\"mango\"",
                  "offset": 23
                }
              ],
              "location": "ui.stepDefinitions.amazonStepDefinitions.userVerifiesThatTheHeIsLookingForIncludesTheProductsListed(java.lang.String)"
            },
            "keyword": "Then "
          },
          {
            "result": {
              "duration": 1001300,
              "status": "passed"
            },
            "line": 10,
            "name": "The user closes the page.",
            "match": {
              "location": "ui.stepDefinitions.amazonStepDefinitions.theUserClosesThePage()"
            },
            "keyword": "And "
          }
        ],
        "tags": [
          {
            "name": "@Regression"
          },
          {
            "name": "@product"
          },
          {
            "name": "@us04"
          }
        ]
      },
      {
        "start_timestamp": "2022-03-01T12:35:01.526Z",
        "line": 14,
        "name": "US04_TC01 When the user searches for a product, all listed products must contain the searched word",
        "description": "",
        "id": "product;us04-tc01-when-the-user-searches-for-a-product--all-listed-products-must-contain-the-searched-word;;3",
        "type": "scenario",
        "keyword": "Scenario Outline",
        "steps": [
          {
            "result": {
              "duration": 44116134500,
              "status": "passed"
            },
            "line": 7,
            "name": "User goes to url.",
            "match": {
              "location": "ui.stepDefinitions.amazonStepDefinitions.userGoesToUrl()"
            },
            "keyword": "Given "
          },
          {
            "result": {
              "duration": 28550439500,
              "status": "passed"
            },
            "line": 8,
            "name": "User types the \"nutella\" in the search box.",
            "match": {
              "arguments": [
                {
                  "val": "\"nutella\"",
                  "offset": 15
                }
              ],
              "location": "ui.stepDefinitions.amazonStepDefinitions.userTypesTheInTheSearchBox(java.lang.String)"
            },
            "keyword": "When "
          },
          {
            "result": {
              "duration": 66040200,
              "status": "passed"
            },
            "line": 9,
            "name": "User verifies that the \"nutella\" he is looking for includes the products listed.",
            "match": {
              "arguments": [
                {
                  "val": "\"nutella\"",
                  "offset": 23
                }
              ],
              "location": "ui.stepDefinitions.amazonStepDefinitions.userVerifiesThatTheHeIsLookingForIncludesTheProductsListed(java.lang.String)"
            },
            "keyword": "Then "
          },
          {
            "result": {
              "error_message": "org.openqa.selenium.WebDriverException: Timed out waiting for driver server to stop.\nBuild info: version: \u00274.0.0\u0027, revision: \u00273a21814679\u0027\nSystem info: host: \u0027PC\u0027, ip: \u0027192.168.1.38\u0027, os.name: \u0027Windows 8.1\u0027, os.arch: \u0027amd64\u0027, os.version: \u00276.3\u0027, java.version: \u002711.0.11\u0027\nDriver info: org.openqa.selenium.chrome.ChromeDriver\nCommand: [7c22ec79fac95f9d6ad3916f2546acd2, quit {}]\nCapabilities {acceptInsecureCerts: false, browserName: chrome, browserVersion: 98.0.4758.102, chrome: {chromedriverVersion: 98.0.4758.102 (273bf7ac8c90..., userDataDir: C:\\Users\\pc1\\AppData\\Local\\...}, goog:chromeOptions: {debuggerAddress: localhost:51020}, javascriptEnabled: true, networkConnectionEnabled: false, pageLoadStrategy: normal, platform: WINDOWS, platformName: WINDOWS, proxy: Proxy(), se:cdp: ws://localhost:51020/devtoo..., se:cdpVersion: 98.0.4758.102, setWindowRect: true, strictFileInteractability: false, timeouts: {implicit: 0, pageLoad: 300000, script: 30000}, unhandledPromptBehavior: dismiss and notify, webauthn:extension:credBlob: true, webauthn:extension:largeBlob: true, webauthn:virtualAuthenticators: true}\nSession ID: 7c22ec79fac95f9d6ad3916f2546acd2\r\n\tat org.openqa.selenium.remote.service.DriverCommandExecutor.execute(DriverCommandExecutor.java:129)\r\n\tat org.openqa.selenium.remote.RemoteWebDriver.execute(RemoteWebDriver.java:559)\r\n\tat org.openqa.selenium.remote.RemoteWebDriver.execute(RemoteWebDriver.java:614)\r\n\tat org.openqa.selenium.remote.RemoteWebDriver.execute(RemoteWebDriver.java:618)\r\n\tat org.openqa.selenium.remote.RemoteWebDriver.quit(RemoteWebDriver.java:455)\r\n\tat org.openqa.selenium.chromium.ChromiumDriver.quit(ChromiumDriver.java:287)\r\n\tat utilities.Driver.closeDriver(Driver.java:63)\r\n\tat ui.stepDefinitions.amazonStepDefinitions.theUserClosesThePage(amazonStepDefinitions.java:104)\r\n\tat ✽.The user closes the page.(file:///C:/Users/pc1/eclipse-workspace/AmazonCapStone/src/test/resources/features/ui_features/productSelectAndList.feature:10)\r\nCaused by: java.util.concurrent.ExecutionException: org.openqa.selenium.TimeoutException: Process timed out after waiting for 20000 ms.\nBuild info: version: \u00274.0.0\u0027, revision: \u00273a21814679\u0027\nSystem info: host: \u0027PC\u0027, ip: \u0027192.168.1.38\u0027, os.name: \u0027Windows 8.1\u0027, os.arch: \u0027amd64\u0027, os.version: \u00276.3\u0027, java.version: \u002711.0.11\u0027\nDriver info: driver.version: unknown\r\n\tat java.base/java.util.concurrent.CompletableFuture.reportGet(CompletableFuture.java:395)\r\n\tat java.base/java.util.concurrent.CompletableFuture.get(CompletableFuture.java:2022)\r\n\tat org.openqa.selenium.remote.service.DriverCommandExecutor.execute(DriverCommandExecutor.java:125)\r\n\tat org.openqa.selenium.remote.RemoteWebDriver.execute(RemoteWebDriver.java:559)\r\n\tat org.openqa.selenium.remote.RemoteWebDriver.execute(RemoteWebDriver.java:614)\r\n\tat org.openqa.selenium.remote.RemoteWebDriver.execute(RemoteWebDriver.java:618)\r\n\tat org.openqa.selenium.remote.RemoteWebDriver.quit(RemoteWebDriver.java:455)\r\n\tat org.openqa.selenium.chromium.ChromiumDriver.quit(ChromiumDriver.java:287)\r\n\tat utilities.Driver.closeDriver(Driver.java:63)\r\n\tat ui.stepDefinitions.amazonStepDefinitions.theUserClosesThePage(amazonStepDefinitions.java:104)\r\n\tat java.base/jdk.internal.reflect.NativeMethodAccessorImpl.invoke0(Native Method)\r\n\tat java.base/jdk.internal.reflect.NativeMethodAccessorImpl.invoke(NativeMethodAccessorImpl.java:62)\r\n\tat java.base/jdk.internal.reflect.DelegatingMethodAccessorImpl.invoke(DelegatingMethodAccessorImpl.java:43)\r\n\tat java.base/java.lang.reflect.Method.invoke(Method.java:566)\r\n\tat io.cucumber.java.Invoker.doInvoke(Invoker.java:66)\r\n\tat io.cucumber.java.Invoker.invoke(Invoker.java:24)\r\n\tat io.cucumber.java.AbstractGlueDefinition.invokeMethod(AbstractGlueDefinition.java:47)\r\n\tat io.cucumber.java.JavaStepDefinition.execute(JavaStepDefinition.java:29)\r\n\tat io.cucumber.core.runner.CoreStepDefinition.execute(CoreStepDefinition.java:66)\r\n\tat io.cucumber.core.runner.PickleStepDefinitionMatch.runStep(PickleStepDefinitionMatch.java:63)\r\n\tat io.cucumber.core.runner.ExecutionMode$1.execute(ExecutionMode.java:10)\r\n\tat io.cucumber.core.runner.TestStep.executeStep(TestStep.java:92)\r\n\tat io.cucumber.core.runner.TestStep.run(TestStep.java:64)\r\n\tat io.cucumber.core.runner.PickleStepTestStep.run(PickleStepTestStep.java:51)\r\n\tat io.cucumber.core.runner.TestCase.run(TestCase.java:104)\r\n\tat io.cucumber.core.runner.Runner.runPickle(Runner.java:73)\r\n\tat io.cucumber.junit.PickleRunners$NoStepDescriptions.run(PickleRunners.java:151)\r\n\tat io.cucumber.junit.FeatureRunner.runChild(FeatureRunner.java:135)\r\n\tat io.cucumber.junit.FeatureRunner.runChild(FeatureRunner.java:27)\r\n\tat org.junit.runners.ParentRunner$4.run(ParentRunner.java:331)\r\n\tat org.junit.runners.ParentRunner$1.schedule(ParentRunner.java:79)\r\n\tat org.junit.runners.ParentRunner.runChildren(ParentRunner.java:329)\r\n\tat org.junit.runners.ParentRunner.access$100(ParentRunner.java:66)\r\n\tat org.junit.runners.ParentRunner$2.evaluate(ParentRunner.java:293)\r\n\tat org.junit.runners.ParentRunner$3.evaluate(ParentRunner.java:306)\r\n\tat org.junit.runners.ParentRunner.run(ParentRunner.java:413)\r\n\tat io.cucumber.junit.Cucumber.runChild(Cucumber.java:200)\r\n\tat io.cucumber.junit.Cucumber.runChild(Cucumber.java:90)\r\n\tat org.junit.runners.ParentRunner$4.run(ParentRunner.java:331)\r\n\tat org.apache.maven.surefire.junitcore.pc.Scheduler$1.run(Scheduler.java:405)\r\n\tat java.base/java.util.concurrent.Executors$RunnableAdapter.call(Executors.java:515)\r\n\tat java.base/java.util.concurrent.FutureTask.run(FutureTask.java:264)\r\n\tat java.base/java.util.concurrent.ThreadPoolExecutor.runWorker(ThreadPoolExecutor.java:1128)\r\n\tat java.base/java.util.concurrent.ThreadPoolExecutor$Worker.run(ThreadPoolExecutor.java:628)\r\n\tat java.base/java.lang.Thread.run(Thread.java:834)\r\nCaused by: org.openqa.selenium.TimeoutException: Process timed out after waiting for 20000 ms.\nBuild info: version: \u00274.0.0\u0027, revision: \u00273a21814679\u0027\nSystem info: host: \u0027PC\u0027, ip: \u0027192.168.1.38\u0027, os.name: \u0027Windows 8.1\u0027, os.arch: \u0027amd64\u0027, os.version: \u00276.3\u0027, java.version: \u002711.0.11\u0027\nDriver info: driver.version: unknown\r\n\tat org.openqa.selenium.os.OsProcess.waitFor(OsProcess.java:174)\r\n\tat org.openqa.selenium.os.CommandLine.waitFor(CommandLine.java:127)\r\n\tat org.openqa.selenium.remote.service.DriverCommandExecutor.lambda$execute$2(DriverCommandExecutor.java:119)\r\n\tat java.base/java.util.concurrent.CompletableFuture$AsyncSupply.run(CompletableFuture.java:1700)\r\n\t... 3 more\r\n",
              "duration": 20003139400,
              "status": "failed"
            },
            "line": 10,
            "name": "The user closes the page.",
            "match": {
              "location": "ui.stepDefinitions.amazonStepDefinitions.theUserClosesThePage()"
            },
            "keyword": "And "
          }
        ],
        "tags": [
          {
            "name": "@Regression"
          },
          {
            "name": "@product"
          },
          {
            "name": "@us04"
          }
        ]
      },
      {
        "start_timestamp": "2022-03-01T12:36:34.272Z",
        "line": 15,
        "name": "US04_TC01 When the user searches for a product, all listed products must contain the searched word",
        "description": "",
        "id": "product;us04-tc01-when-the-user-searches-for-a-product--all-listed-products-must-contain-the-searched-word;;4",
        "type": "scenario",
        "keyword": "Scenario Outline",
        "steps": [
          {
            "result": {
              "error_message": "org.openqa.selenium.NoSuchSessionException: Session ID is null. Using WebDriver after calling quit()?\nBuild info: version: \u00274.0.0\u0027, revision: \u00273a21814679\u0027\nSystem info: host: \u0027PC\u0027, ip: \u0027192.168.1.38\u0027, os.name: \u0027Windows 8.1\u0027, os.arch: \u0027amd64\u0027, os.version: \u00276.3\u0027, java.version: \u002711.0.11\u0027\nDriver info: org.openqa.selenium.chrome.ChromeDriver\nCommand: [null, get {url\u003dhttps://www.amazon.com/}]\nCapabilities {acceptInsecureCerts: false, browserName: chrome, browserVersion: 98.0.4758.102, chrome: {chromedriverVersion: 98.0.4758.102 (273bf7ac8c90..., userDataDir: C:\\Users\\pc1\\AppData\\Local\\...}, goog:chromeOptions: {debuggerAddress: localhost:51020}, javascriptEnabled: true, networkConnectionEnabled: false, pageLoadStrategy: normal, platform: WINDOWS, platformName: WINDOWS, proxy: Proxy(), se:cdp: ws://localhost:51020/devtoo..., se:cdpVersion: 98.0.4758.102, setWindowRect: true, strictFileInteractability: false, timeouts: {implicit: 0, pageLoad: 300000, script: 30000}, unhandledPromptBehavior: dismiss and notify, webauthn:extension:credBlob: true, webauthn:extension:largeBlob: true, webauthn:virtualAuthenticators: true}\r\n\tat org.openqa.selenium.remote.HttpCommandExecutor.execute(HttpCommandExecutor.java:145)\r\n\tat org.openqa.selenium.remote.service.DriverCommandExecutor.invokeExecute(DriverCommandExecutor.java:164)\r\n\tat org.openqa.selenium.remote.service.DriverCommandExecutor.execute(DriverCommandExecutor.java:139)\r\n\tat org.openqa.selenium.remote.RemoteWebDriver.execute(RemoteWebDriver.java:559)\r\n\tat org.openqa.selenium.remote.RemoteWebDriver.get(RemoteWebDriver.java:328)\r\n\tat ui.stepDefinitions.amazonStepDefinitions.userGoesToUrl(amazonStepDefinitions.java:93)\r\n\tat ✽.User goes to url.(file:///C:/Users/pc1/eclipse-workspace/AmazonCapStone/src/test/resources/features/ui_features/productSelectAndList.feature:7)\r\n",
              "duration": 2001400,
              "status": "failed"
            },
            "line": 7,
            "name": "User goes to url.",
            "match": {
              "location": "ui.stepDefinitions.amazonStepDefinitions.userGoesToUrl()"
            },
            "keyword": "Given "
          },
          {
            "result": {
              "status": "skipped"
            },
            "line": 8,
            "name": "User types the \"suite case\" in the search box.",
            "match": {
              "arguments": [
                {
                  "val": "\"suite case\"",
                  "offset": 15
                }
              ],
              "location": "ui.stepDefinitions.amazonStepDefinitions.userTypesTheInTheSearchBox(java.lang.String)"
            },
            "keyword": "When "
          },
          {
            "result": {
              "status": "skipped"
            },
            "line": 9,
            "name": "User verifies that the \"suite case\" he is looking for includes the products listed.",
            "match": {
              "arguments": [
                {
                  "val": "\"suite case\"",
                  "offset": 23
                }
              ],
              "location": "ui.stepDefinitions.amazonStepDefinitions.userVerifiesThatTheHeIsLookingForIncludesTheProductsListed(java.lang.String)"
            },
            "keyword": "Then "
          },
          {
            "result": {
              "status": "skipped"
            },
            "line": 10,
            "name": "The user closes the page.",
            "match": {
              "location": "ui.stepDefinitions.amazonStepDefinitions.theUserClosesThePage()"
            },
            "keyword": "And "
          }
        ],
        "tags": [
          {
            "name": "@Regression"
          },
          {
            "name": "@product"
          },
          {
            "name": "@us04"
          }
        ]
      },
      {
        "start_timestamp": "2022-03-01T12:36:34.280Z",
        "line": 27,
        "name": "US05_TC01 User should be able to use filters and sorting in product listing process",
        "description": "",
        "id": "product;us05-tc01-user-should-be-able-to-use-filters-and-sorting-in-product-listing-process;;2",
        "type": "scenario",
        "keyword": "Scenario Outline",
        "steps": [
          {
            "result": {
              "error_message": "org.openqa.selenium.NoSuchSessionException: Session ID is null. Using WebDriver after calling quit()?\nBuild info: version: \u00274.0.0\u0027, revision: \u00273a21814679\u0027\nSystem info: host: \u0027PC\u0027, ip: \u0027192.168.1.38\u0027, os.name: \u0027Windows 8.1\u0027, os.arch: \u0027amd64\u0027, os.version: \u00276.3\u0027, java.version: \u002711.0.11\u0027\nDriver info: org.openqa.selenium.chrome.ChromeDriver\nCommand: [null, get {url\u003dhttps://www.amazon.com/}]\nCapabilities {acceptInsecureCerts: false, browserName: chrome, browserVersion: 98.0.4758.102, chrome: {chromedriverVersion: 98.0.4758.102 (273bf7ac8c90..., userDataDir: C:\\Users\\pc1\\AppData\\Local\\...}, goog:chromeOptions: {debuggerAddress: localhost:51020}, javascriptEnabled: true, networkConnectionEnabled: false, pageLoadStrategy: normal, platform: WINDOWS, platformName: WINDOWS, proxy: Proxy(), se:cdp: ws://localhost:51020/devtoo..., se:cdpVersion: 98.0.4758.102, setWindowRect: true, strictFileInteractability: false, timeouts: {implicit: 0, pageLoad: 300000, script: 30000}, unhandledPromptBehavior: dismiss and notify, webauthn:extension:credBlob: true, webauthn:extension:largeBlob: true, webauthn:virtualAuthenticators: true}\r\n\tat org.openqa.selenium.remote.HttpCommandExecutor.execute(HttpCommandExecutor.java:145)\r\n\tat org.openqa.selenium.remote.service.DriverCommandExecutor.invokeExecute(DriverCommandExecutor.java:164)\r\n\tat org.openqa.selenium.remote.service.DriverCommandExecutor.execute(DriverCommandExecutor.java:139)\r\n\tat org.openqa.selenium.remote.RemoteWebDriver.execute(RemoteWebDriver.java:559)\r\n\tat org.openqa.selenium.remote.RemoteWebDriver.get(RemoteWebDriver.java:328)\r\n\tat ui.stepDefinitions.amazonStepDefinitions.userGoesToUrl(amazonStepDefinitions.java:93)\r\n\tat ✽.User goes to url.(file:///C:/Users/pc1/eclipse-workspace/AmazonCapStone/src/test/resources/features/ui_features/productSelectAndList.feature:20)\r\n",
              "duration": 2001300,
              "status": "failed"
            },
            "line": 20,
            "name": "User goes to url.",
            "match": {
              "location": "ui.stepDefinitions.amazonStepDefinitions.userGoesToUrl()"
            },
            "keyword": "Given "
          },
          {
            "result": {
              "status": "skipped"
            },
            "line": 21,
            "name": "User types the \"macbook\" in the search box.",
            "match": {
              "arguments": [
                {
                  "val": "\"macbook\"",
                  "offset": 15
                }
              ],
              "location": "ui.stepDefinitions.amazonStepDefinitions.userTypesTheInTheSearchBox(java.lang.String)"
            },
            "keyword": "When "
          },
          {
            "result": {
              "duration": 2001100,
              "status": "skipped"
            },
            "line": 22,
            "name": "The user selects the appropriate filter to list the products he has listed.",
            "match": {
              "location": "ui.stepDefinitions.amazonStepDefinitions.the_user_selects_the_appropriate_filter_to_list_the_products_he_has_listed()"
            },
            "keyword": "Then "
          },
          {
            "result": {
              "status": "skipped"
            },
            "line": 23,
            "name": "The user sees that the filtered products are listed.",
            "match": {
              "location": "ui.stepDefinitions.amazonStepDefinitions.theUserSeesThatTheFilteredProductsAreListed()"
            },
            "keyword": "And "
          },
          {
            "result": {
              "status": "skipped"
            },
            "line": 24,
            "name": "The user closes the page.",
            "match": {
              "location": "ui.stepDefinitions.amazonStepDefinitions.theUserClosesThePage()"
            },
            "keyword": "And "
          }
        ],
        "tags": [
          {
            "name": "@Regression"
          },
          {
            "name": "@product"
          },
          {
            "name": "@us05"
          }
        ]
      },
      {
        "start_timestamp": "2022-03-01T12:36:34.295Z",
        "line": 28,
        "name": "US05_TC01 User should be able to use filters and sorting in product listing process",
        "description": "",
        "id": "product;us05-tc01-user-should-be-able-to-use-filters-and-sorting-in-product-listing-process;;3",
        "type": "scenario",
        "keyword": "Scenario Outline",
        "steps": [
          {
            "result": {
              "error_message": "org.openqa.selenium.NoSuchSessionException: Session ID is null. Using WebDriver after calling quit()?\nBuild info: version: \u00274.0.0\u0027, revision: \u00273a21814679\u0027\nSystem info: host: \u0027PC\u0027, ip: \u0027192.168.1.38\u0027, os.name: \u0027Windows 8.1\u0027, os.arch: \u0027amd64\u0027, os.version: \u00276.3\u0027, java.version: \u002711.0.11\u0027\nDriver info: org.openqa.selenium.chrome.ChromeDriver\nCommand: [null, get {url\u003dhttps://www.amazon.com/}]\nCapabilities {acceptInsecureCerts: false, browserName: chrome, browserVersion: 98.0.4758.102, chrome: {chromedriverVersion: 98.0.4758.102 (273bf7ac8c90..., userDataDir: C:\\Users\\pc1\\AppData\\Local\\...}, goog:chromeOptions: {debuggerAddress: localhost:51020}, javascriptEnabled: true, networkConnectionEnabled: false, pageLoadStrategy: normal, platform: WINDOWS, platformName: WINDOWS, proxy: Proxy(), se:cdp: ws://localhost:51020/devtoo..., se:cdpVersion: 98.0.4758.102, setWindowRect: true, strictFileInteractability: false, timeouts: {implicit: 0, pageLoad: 300000, script: 30000}, unhandledPromptBehavior: dismiss and notify, webauthn:extension:credBlob: true, webauthn:extension:largeBlob: true, webauthn:virtualAuthenticators: true}\r\n\tat org.openqa.selenium.remote.HttpCommandExecutor.execute(HttpCommandExecutor.java:145)\r\n\tat org.openqa.selenium.remote.service.DriverCommandExecutor.invokeExecute(DriverCommandExecutor.java:164)\r\n\tat org.openqa.selenium.remote.service.DriverCommandExecutor.execute(DriverCommandExecutor.java:139)\r\n\tat org.openqa.selenium.remote.RemoteWebDriver.execute(RemoteWebDriver.java:559)\r\n\tat org.openqa.selenium.remote.RemoteWebDriver.get(RemoteWebDriver.java:328)\r\n\tat ui.stepDefinitions.amazonStepDefinitions.userGoesToUrl(amazonStepDefinitions.java:93)\r\n\tat ✽.User goes to url.(file:///C:/Users/pc1/eclipse-workspace/AmazonCapStone/src/test/resources/features/ui_features/productSelectAndList.feature:20)\r\n",
              "duration": 1999500,
              "status": "failed"
            },
            "line": 20,
            "name": "User goes to url.",
            "match": {
              "location": "ui.stepDefinitions.amazonStepDefinitions.userGoesToUrl()"
            },
            "keyword": "Given "
          },
          {
            "result": {
              "status": "skipped"
            },
            "line": 21,
            "name": "User types the \"gaming mouse\" in the search box.",
            "match": {
              "arguments": [
                {
                  "val": "\"gaming mouse\"",
                  "offset": 15
                }
              ],
              "location": "ui.stepDefinitions.amazonStepDefinitions.userTypesTheInTheSearchBox(java.lang.String)"
            },
            "keyword": "When "
          },
          {
            "result": {
              "status": "skipped"
            },
            "line": 22,
            "name": "The user selects the appropriate filter to list the products he has listed.",
            "match": {
              "location": "ui.stepDefinitions.amazonStepDefinitions.the_user_selects_the_appropriate_filter_to_list_the_products_he_has_listed()"
            },
            "keyword": "Then "
          },
          {
            "result": {
              "status": "skipped"
            },
            "line": 23,
            "name": "The user sees that the filtered products are listed.",
            "match": {
              "location": "ui.stepDefinitions.amazonStepDefinitions.theUserSeesThatTheFilteredProductsAreListed()"
            },
            "keyword": "And "
          },
          {
            "result": {
              "status": "skipped"
            },
            "line": 24,
            "name": "The user closes the page.",
            "match": {
              "location": "ui.stepDefinitions.amazonStepDefinitions.theUserClosesThePage()"
            },
            "keyword": "And "
          }
        ],
        "tags": [
          {
            "name": "@Regression"
          },
          {
            "name": "@product"
          },
          {
            "name": "@us05"
          }
        ]
      },
      {
        "start_timestamp": "2022-03-01T12:36:34.313Z",
        "line": 41,
        "name": "US06_TC01 User should be able to choose random products and add to cart. You should see that the total price of the added products and the total in the basket are the same.",
        "description": "",
        "id": "product;us06-tc01-user-should-be-able-to-choose-random-products-and-add-to-cart.-you-should-see-that-the-total-price-of-the-added-products-and-the-total-in-the-basket-are-the-same.;;2",
        "type": "scenario",
        "keyword": "Scenario Outline",
        "steps": [
          {
            "result": {
              "error_message": "org.openqa.selenium.NoSuchSessionException: Session ID is null. Using WebDriver after calling quit()?\nBuild info: version: \u00274.0.0\u0027, revision: \u00273a21814679\u0027\nSystem info: host: \u0027PC\u0027, ip: \u0027192.168.1.38\u0027, os.name: \u0027Windows 8.1\u0027, os.arch: \u0027amd64\u0027, os.version: \u00276.3\u0027, java.version: \u002711.0.11\u0027\nDriver info: org.openqa.selenium.chrome.ChromeDriver\nCommand: [null, get {url\u003dhttps://www.amazon.com/}]\nCapabilities {acceptInsecureCerts: false, browserName: chrome, browserVersion: 98.0.4758.102, chrome: {chromedriverVersion: 98.0.4758.102 (273bf7ac8c90..., userDataDir: C:\\Users\\pc1\\AppData\\Local\\...}, goog:chromeOptions: {debuggerAddress: localhost:51020}, javascriptEnabled: true, networkConnectionEnabled: false, pageLoadStrategy: normal, platform: WINDOWS, platformName: WINDOWS, proxy: Proxy(), se:cdp: ws://localhost:51020/devtoo..., se:cdpVersion: 98.0.4758.102, setWindowRect: true, strictFileInteractability: false, timeouts: {implicit: 0, pageLoad: 300000, script: 30000}, unhandledPromptBehavior: dismiss and notify, webauthn:extension:credBlob: true, webauthn:extension:largeBlob: true, webauthn:virtualAuthenticators: true}\r\n\tat org.openqa.selenium.remote.HttpCommandExecutor.execute(HttpCommandExecutor.java:145)\r\n\tat org.openqa.selenium.remote.service.DriverCommandExecutor.invokeExecute(DriverCommandExecutor.java:164)\r\n\tat org.openqa.selenium.remote.service.DriverCommandExecutor.execute(DriverCommandExecutor.java:139)\r\n\tat org.openqa.selenium.remote.RemoteWebDriver.execute(RemoteWebDriver.java:559)\r\n\tat org.openqa.selenium.remote.RemoteWebDriver.get(RemoteWebDriver.java:328)\r\n\tat ui.stepDefinitions.amazonStepDefinitions.userGoesToUrl(amazonStepDefinitions.java:93)\r\n\tat ✽.User goes to url.(file:///C:/Users/pc1/eclipse-workspace/AmazonCapStone/src/test/resources/features/ui_features/productSelectAndList.feature:32)\r\n",
              "duration": 1005500,
              "status": "failed"
            },
            "line": 32,
            "name": "User goes to url.",
            "match": {
              "location": "ui.stepDefinitions.amazonStepDefinitions.userGoesToUrl()"
            },
            "keyword": "Given "
          },
          {
            "result": {
              "status": "skipped"
            },
            "line": 33,
            "name": "The user searches and lists the \"macbook\" he wants to buy in the search box",
            "match": {
              "arguments": [
                {
                  "val": "\"macbook\"",
                  "offset": 32
                }
              ],
              "location": "ui.stepDefinitions.amazonStepDefinitions.theUserSearchesAndListsTheHeWantsToBuyInTheSearchBox(java.lang.String)"
            },
            "keyword": "When "
          },
          {
            "result": {
              "status": "skipped"
            },
            "line": 34,
            "name": "The user chooses the products he wants to buy.",
            "match": {
              "location": "ui.stepDefinitions.amazonStepDefinitions.theUserChoosesTheProductsHeWantsToBuy()"
            },
            "keyword": "Then "
          },
          {
            "result": {
              "status": "skipped"
            },
            "line": 35,
            "name": "User goes to cart.",
            "match": {
              "location": "ui.stepDefinitions.amazonStepDefinitions.userGoesToCart()"
            },
            "keyword": "And "
          },
          {
            "result": {
              "status": "skipped"
            },
            "line": 36,
            "name": "The user confirms that the selected products have been added to the cart.",
            "match": {
              "location": "ui.stepDefinitions.amazonStepDefinitions.theUserConfirmsThatTheSelectedProductsHaveBeenAddedToTheCart()"
            },
            "keyword": "And "
          },
          {
            "result": {
              "status": "skipped"
            },
            "line": 37,
            "name": "The user confirms that the total price of the selected products is the same as the total price in the basket.",
            "match": {
              "location": "ui.stepDefinitions.amazonStepDefinitions.theUserConfirmsThatTheTotalPriceOfTheSelectedProductsIsTheSameAsTheTotalPriceInTheBasket()"
            },
            "keyword": "Then "
          }
        ],
        "tags": [
          {
            "name": "@Regression"
          },
          {
            "name": "@product"
          }
        ]
      },
      {
        "start_timestamp": "2022-03-01T12:36:34.321Z",
        "line": 42,
        "name": "US06_TC01 User should be able to choose random products and add to cart. You should see that the total price of the added products and the total in the basket are the same.",
        "description": "",
        "id": "product;us06-tc01-user-should-be-able-to-choose-random-products-and-add-to-cart.-you-should-see-that-the-total-price-of-the-added-products-and-the-total-in-the-basket-are-the-same.;;3",
        "type": "scenario",
        "keyword": "Scenario Outline",
        "steps": [
          {
            "result": {
              "error_message": "org.openqa.selenium.NoSuchSessionException: Session ID is null. Using WebDriver after calling quit()?\nBuild info: version: \u00274.0.0\u0027, revision: \u00273a21814679\u0027\nSystem info: host: \u0027PC\u0027, ip: \u0027192.168.1.38\u0027, os.name: \u0027Windows 8.1\u0027, os.arch: \u0027amd64\u0027, os.version: \u00276.3\u0027, java.version: \u002711.0.11\u0027\nDriver info: org.openqa.selenium.chrome.ChromeDriver\nCommand: [null, get {url\u003dhttps://www.amazon.com/}]\nCapabilities {acceptInsecureCerts: false, browserName: chrome, browserVersion: 98.0.4758.102, chrome: {chromedriverVersion: 98.0.4758.102 (273bf7ac8c90..., userDataDir: C:\\Users\\pc1\\AppData\\Local\\...}, goog:chromeOptions: {debuggerAddress: localhost:51020}, javascriptEnabled: true, networkConnectionEnabled: false, pageLoadStrategy: normal, platform: WINDOWS, platformName: WINDOWS, proxy: Proxy(), se:cdp: ws://localhost:51020/devtoo..., se:cdpVersion: 98.0.4758.102, setWindowRect: true, strictFileInteractability: false, timeouts: {implicit: 0, pageLoad: 300000, script: 30000}, unhandledPromptBehavior: dismiss and notify, webauthn:extension:credBlob: true, webauthn:extension:largeBlob: true, webauthn:virtualAuthenticators: true}\r\n\tat org.openqa.selenium.remote.HttpCommandExecutor.execute(HttpCommandExecutor.java:145)\r\n\tat org.openqa.selenium.remote.service.DriverCommandExecutor.invokeExecute(DriverCommandExecutor.java:164)\r\n\tat org.openqa.selenium.remote.service.DriverCommandExecutor.execute(DriverCommandExecutor.java:139)\r\n\tat org.openqa.selenium.remote.RemoteWebDriver.execute(RemoteWebDriver.java:559)\r\n\tat org.openqa.selenium.remote.RemoteWebDriver.get(RemoteWebDriver.java:328)\r\n\tat ui.stepDefinitions.amazonStepDefinitions.userGoesToUrl(amazonStepDefinitions.java:93)\r\n\tat ✽.User goes to url.(file:///C:/Users/pc1/eclipse-workspace/AmazonCapStone/src/test/resources/features/ui_features/productSelectAndList.feature:32)\r\n",
              "duration": 1996500,
              "status": "failed"
            },
            "line": 32,
            "name": "User goes to url.",
            "match": {
              "location": "ui.stepDefinitions.amazonStepDefinitions.userGoesToUrl()"
            },
            "keyword": "Given "
          },
          {
            "result": {
              "status": "skipped"
            },
            "line": 33,
            "name": "The user searches and lists the \"gaming mouse\" he wants to buy in the search box",
            "match": {
              "arguments": [
                {
                  "val": "\"gaming mouse\"",
                  "offset": 32
                }
              ],
              "location": "ui.stepDefinitions.amazonStepDefinitions.theUserSearchesAndListsTheHeWantsToBuyInTheSearchBox(java.lang.String)"
            },
            "keyword": "When "
          },
          {
            "result": {
              "status": "skipped"
            },
            "line": 34,
            "name": "The user chooses the products he wants to buy.",
            "match": {
              "location": "ui.stepDefinitions.amazonStepDefinitions.theUserChoosesTheProductsHeWantsToBuy()"
            },
            "keyword": "Then "
          },
          {
            "result": {
              "status": "skipped"
            },
            "line": 35,
            "name": "User goes to cart.",
            "match": {
              "location": "ui.stepDefinitions.amazonStepDefinitions.userGoesToCart()"
            },
            "keyword": "And "
          },
          {
            "result": {
              "status": "skipped"
            },
            "line": 36,
            "name": "The user confirms that the selected products have been added to the cart.",
            "match": {
              "location": "ui.stepDefinitions.amazonStepDefinitions.theUserConfirmsThatTheSelectedProductsHaveBeenAddedToTheCart()"
            },
            "keyword": "And "
          },
          {
            "result": {
              "status": "skipped"
            },
            "line": 37,
            "name": "The user confirms that the total price of the selected products is the same as the total price in the basket.",
            "match": {
              "location": "ui.stepDefinitions.amazonStepDefinitions.theUserConfirmsThatTheTotalPriceOfTheSelectedProductsIsTheSameAsTheTotalPriceInTheBasket()"
            },
            "keyword": "Then "
          }
        ],
        "tags": [
          {
            "name": "@Regression"
          },
          {
            "name": "@product"
          }
        ]
      }
    ],
    "name": "product",
    "description": "",
    "id": "product",
    "keyword": "Feature",
    "uri": "file:src/test/resources/features/ui_features/productSelectAndList.feature",
    "tags": [
      {
        "name": "@Regression",
        "type": "Tag",
        "location": {
          "line": 1,
          "column": 1
        }
      },
      {
        "name": "@product",
        "type": "Tag",
        "location": {
          "line": 2,
          "column": 3
        }
      }
    ]
  },
  {
    "line": 3,
    "elements": [
      {
        "line": 5,
        "name": "US_08_09",
        "description": "",
        "type": "background",
        "keyword": "Background",
        "steps": [
          {
            "result": {
              "duration": 107797438900,
              "status": "passed"
            },
            "line": 6,
            "name": "User goes to url.",
            "match": {
              "location": "ui.stepDefinitions.amazonStepDefinitions.userGoesToUrl()"
            },
            "keyword": "Given "
          },
          {
            "result": {
              "error_message": "org.openqa.selenium.StaleElementReferenceException: stale element reference: element is not attached to the page document\n  (Session info: chrome\u003d98.0.4758.102)\nFor documentation on this error, please visit: https://selenium.dev/exceptions/#stale_element_reference\nBuild info: version: \u00274.0.0\u0027, revision: \u00273a21814679\u0027\nSystem info: host: \u0027PC\u0027, ip: \u0027192.168.1.38\u0027, os.name: \u0027Windows 8.1\u0027, os.arch: \u0027amd64\u0027, os.version: \u00276.3\u0027, java.version: \u002711.0.11\u0027\nDriver info: org.openqa.selenium.chrome.ChromeDriver\nCommand: [1349b8861a95674efa26ff943b35f263, clickElement {id\u003d74112a45-fb22-4c1e-9a37-865111d005a1}]\nCapabilities {acceptInsecureCerts: false, browserName: chrome, browserVersion: 98.0.4758.102, chrome: {chromedriverVersion: 98.0.4758.102 (273bf7ac8c90..., userDataDir: C:\\Users\\pc1\\AppData\\Local\\...}, goog:chromeOptions: {debuggerAddress: localhost:50571}, javascriptEnabled: true, networkConnectionEnabled: false, pageLoadStrategy: normal, platform: WINDOWS, platformName: WINDOWS, proxy: Proxy(), se:cdp: ws://localhost:50571/devtoo..., se:cdpVersion: 98.0.4758.102, setWindowRect: true, strictFileInteractability: false, timeouts: {implicit: 0, pageLoad: 300000, script: 30000}, unhandledPromptBehavior: dismiss and notify, webauthn:extension:credBlob: true, webauthn:extension:largeBlob: true, webauthn:virtualAuthenticators: true}\nElement: [[ChromeDriver: chrome on WINDOWS (1349b8861a95674efa26ff943b35f263)] -\u003e xpath: //a[@id\u003d\u0027nav-link-accountList\u0027]]\nSession ID: 1349b8861a95674efa26ff943b35f263\r\n\tat java.base/jdk.internal.reflect.NativeConstructorAccessorImpl.newInstance0(Native Method)\r\n\tat java.base/jdk.internal.reflect.NativeConstructorAccessorImpl.newInstance(NativeConstructorAccessorImpl.java:62)\r\n\tat java.base/jdk.internal.reflect.DelegatingConstructorAccessorImpl.newInstance(DelegatingConstructorAccessorImpl.java:45)\r\n\tat java.base/java.lang.reflect.Constructor.newInstance(Constructor.java:490)\r\n\tat org.openqa.selenium.remote.codec.w3c.W3CHttpResponseCodec.createException(W3CHttpResponseCodec.java:200)\r\n\tat org.openqa.selenium.remote.codec.w3c.W3CHttpResponseCodec.decode(W3CHttpResponseCodec.java:133)\r\n\tat org.openqa.selenium.remote.codec.w3c.W3CHttpResponseCodec.decode(W3CHttpResponseCodec.java:53)\r\n\tat org.openqa.selenium.remote.HttpCommandExecutor.execute(HttpCommandExecutor.java:184)\r\n\tat org.openqa.selenium.remote.service.DriverCommandExecutor.invokeExecute(DriverCommandExecutor.java:164)\r\n\tat org.openqa.selenium.remote.service.DriverCommandExecutor.execute(DriverCommandExecutor.java:139)\r\n\tat org.openqa.selenium.remote.RemoteWebDriver.execute(RemoteWebDriver.java:559)\r\n\tat org.openqa.selenium.remote.RemoteWebElement.execute(RemoteWebElement.java:251)\r\n\tat org.openqa.selenium.remote.RemoteWebElement.click(RemoteWebElement.java:77)\r\n\tat java.base/jdk.internal.reflect.NativeMethodAccessorImpl.invoke0(Native Method)\r\n\tat java.base/jdk.internal.reflect.NativeMethodAccessorImpl.invoke(NativeMethodAccessorImpl.java:62)\r\n\tat java.base/jdk.internal.reflect.DelegatingMethodAccessorImpl.invoke(DelegatingMethodAccessorImpl.java:43)\r\n\tat java.base/java.lang.reflect.Method.invoke(Method.java:566)\r\n\tat org.openqa.selenium.support.pagefactory.internal.LocatingElementHandler.invoke(LocatingElementHandler.java:52)\r\n\tat com.sun.proxy.$Proxy22.click(Unknown Source)\r\n\tat ui.stepDefinitions.amazonStepDefinitions.theUserClicksTheSignInButton(amazonStepDefinitions.java:109)\r\n\tat ✽.The user clicks the Sign-In button..(file:///C:/Users/pc1/eclipse-workspace/AmazonCapStone/src/test/resources/features/ui_features/shopingList.feature:7)\r\n",
              "duration": 31938205200,
              "status": "failed"
            },
            "line": 7,
            "name": "The user clicks the Sign-In button..",
            "match": {
              "location": "ui.stepDefinitions.amazonStepDefinitions.theUserClicksTheSignInButton()"
            },
            "keyword": "Then "
          },
          {
            "result": {
              "status": "skipped"
            },
            "line": 8,
            "name": "User enters valid email.",
            "match": {
              "location": "ui.stepDefinitions.amazonStepDefinitions.userEntersValidEmail()"
            },
            "keyword": "When "
          },
          {
            "result": {
              "status": "skipped"
            },
            "line": 9,
            "name": "The user clicks the continue button.",
            "match": {
              "location": "ui.stepDefinitions.amazonStepDefinitions.theUserClicksTheContinueButton()"
            },
            "keyword": "Then "
          },
          {
            "result": {
              "status": "skipped"
            },
            "line": 10,
            "name": "User enters valid password.",
            "match": {
              "location": "ui.stepDefinitions.amazonStepDefinitions.userEntersValidPassword()"
            },
            "keyword": "When "
          },
          {
            "result": {
              "status": "skipped"
            },
            "line": 11,
            "name": "The user clicks the Sign-In button.",
            "match": {
              "location": "ui.stepDefinitions.amazonStepDefinitions.UserClicksTheSignInButton()"
            },
            "keyword": "Then "
          },
          {
            "result": {
              "status": "skipped"
            },
            "line": 12,
            "name": "User hover-over Account \u0026Lists.",
            "match": {
              "location": "ui.stepDefinitions.amazonStepDefinitions.userHoverOverAccountLists()"
            },
            "keyword": "And "
          },
          {
            "result": {
              "status": "skipped"
            },
            "line": 13,
            "name": "The user clicks on the Create a List link.",
            "match": {
              "location": "ui.stepDefinitions.amazonStepDefinitions.theUserClicksOnTheCreateAListLink()"
            },
            "keyword": "When "
          },
          {
            "result": {
              "status": "skipped"
            },
            "line": 14,
            "name": "User clicks Create a List button.",
            "match": {
              "location": "ui.stepDefinitions.amazonStepDefinitions.userClicksCreateAListButton()"
            },
            "keyword": "Then "
          },
          {
            "result": {
              "duration": 1001300,
              "status": "skipped"
            },
            "line": 15,
            "name": "User enters List Name.",
            "match": {
              "location": "ui.stepDefinitions.amazonStepDefinitions.userEntersListName()"
            },
            "keyword": "Then "
          },
          {
            "result": {
              "duration": 1000300,
              "status": "skipped"
            },
            "line": 16,
            "name": "User clicks end of Create a List button.",
            "match": {
              "location": "ui.stepDefinitions.amazonStepDefinitions.userClicksEndOfCreateAListButton()"
            },
            "keyword": "And "
          }
        ]
      },
      {
        "start_timestamp": "2022-03-01T12:32:41.728Z",
        "line": 19,
        "name": "US_08 User should be able to create and delete shoppingList.",
        "description": "",
        "id": "create-and-delete-shopinglist;us-08-user-should-be-able-to-create-and-delete-shoppinglist.",
        "type": "scenario",
        "keyword": "Scenario",
        "steps": [
          {
            "result": {
              "status": "skipped"
            },
            "line": 21,
            "name": "User verifies that the list is created.",
            "match": {
              "location": "ui.stepDefinitions.amazonStepDefinitions.userVerifiesThatTheListIsCreated()"
            },
            "keyword": "Given "
          },
          {
            "result": {
              "status": "skipped"
            },
            "line": 22,
            "name": "User goes to Manage list.",
            "match": {
              "location": "ui.stepDefinitions.amazonStepDefinitions.userGoesToManageList()"
            },
            "keyword": "Then "
          },
          {
            "result": {
              "status": "skipped"
            },
            "line": 23,
            "name": "User clicks on Delete list button",
            "match": {
              "location": "ui.stepDefinitions.amazonStepDefinitions.userClicksOnDeleteListButton()"
            },
            "keyword": "And "
          },
          {
            "result": {
              "status": "skipped"
            },
            "line": 24,
            "name": "The user confirms that the list has been deleted.",
            "match": {
              "location": "ui.stepDefinitions.amazonStepDefinitions.theUserConfirmsThatTheListHasBeenDeleted()"
            },
            "keyword": "And "
          },
          {
            "result": {
              "duration": 992600,
              "status": "skipped"
            },
            "line": 25,
            "name": "The user closes the page.",
            "match": {
              "location": "ui.stepDefinitions.amazonStepDefinitions.theUserClosesThePage()"
            },
            "keyword": "And "
          }
        ],
        "tags": [
          {
            "name": "@Regression"
          },
          {
            "name": "@shopingList"
          },
          {
            "name": "@us08"
          }
        ]
      },
      {
        "line": 5,
        "name": "US_08_09",
        "description": "",
        "type": "background",
        "keyword": "Background",
        "steps": [
          {
            "result": {
              "error_message": "org.openqa.selenium.NoSuchSessionException: Session ID is null. Using WebDriver after calling quit()?\nBuild info: version: \u00274.0.0\u0027, revision: \u00273a21814679\u0027\nSystem info: host: \u0027PC\u0027, ip: \u0027192.168.1.38\u0027, os.name: \u0027Windows 8.1\u0027, os.arch: \u0027amd64\u0027, os.version: \u00276.3\u0027, java.version: \u002711.0.11\u0027\nDriver info: org.openqa.selenium.chrome.ChromeDriver\nCommand: [null, get {url\u003dhttps://www.amazon.com/}]\nCapabilities {acceptInsecureCerts: false, browserName: chrome, browserVersion: 98.0.4758.102, chrome: {chromedriverVersion: 98.0.4758.102 (273bf7ac8c90..., userDataDir: C:\\Users\\pc1\\AppData\\Local\\...}, goog:chromeOptions: {debuggerAddress: localhost:50587}, javascriptEnabled: true, networkConnectionEnabled: false, pageLoadStrategy: normal, platform: WINDOWS, platformName: WINDOWS, proxy: Proxy(), se:cdp: ws://localhost:50587/devtoo..., se:cdpVersion: 98.0.4758.102, setWindowRect: true, strictFileInteractability: false, timeouts: {implicit: 0, pageLoad: 300000, script: 30000}, unhandledPromptBehavior: dismiss and notify, webauthn:extension:credBlob: true, webauthn:extension:largeBlob: true, webauthn:virtualAuthenticators: true}\r\n\tat org.openqa.selenium.remote.HttpCommandExecutor.execute(HttpCommandExecutor.java:145)\r\n\tat org.openqa.selenium.remote.service.DriverCommandExecutor.invokeExecute(DriverCommandExecutor.java:164)\r\n\tat org.openqa.selenium.remote.service.DriverCommandExecutor.execute(DriverCommandExecutor.java:139)\r\n\tat org.openqa.selenium.remote.RemoteWebDriver.execute(RemoteWebDriver.java:559)\r\n\tat org.openqa.selenium.remote.RemoteWebDriver.get(RemoteWebDriver.java:328)\r\n\tat ui.stepDefinitions.amazonStepDefinitions.userGoesToUrl(amazonStepDefinitions.java:93)\r\n\tat ✽.User goes to url.(file:///C:/Users/pc1/eclipse-workspace/AmazonCapStone/src/test/resources/features/ui_features/shopingList.feature:6)\r\n",
              "duration": 3002300,
              "status": "failed"
            },
            "line": 6,
            "name": "User goes to url.",
            "match": {
              "location": "ui.stepDefinitions.amazonStepDefinitions.userGoesToUrl()"
            },
            "keyword": "Given "
          },
          {
            "result": {
              "status": "skipped"
            },
            "line": 7,
            "name": "The user clicks the Sign-In button..",
            "match": {
              "location": "ui.stepDefinitions.amazonStepDefinitions.theUserClicksTheSignInButton()"
            },
            "keyword": "Then "
          },
          {
            "result": {
              "status": "skipped"
            },
            "line": 8,
            "name": "User enters valid email.",
            "match": {
              "location": "ui.stepDefinitions.amazonStepDefinitions.userEntersValidEmail()"
            },
            "keyword": "When "
          },
          {
            "result": {
              "status": "skipped"
            },
            "line": 9,
            "name": "The user clicks the continue button.",
            "match": {
              "location": "ui.stepDefinitions.amazonStepDefinitions.theUserClicksTheContinueButton()"
            },
            "keyword": "Then "
          },
          {
            "result": {
              "status": "skipped"
            },
            "line": 10,
            "name": "User enters valid password.",
            "match": {
              "location": "ui.stepDefinitions.amazonStepDefinitions.userEntersValidPassword()"
            },
            "keyword": "When "
          },
          {
            "result": {
              "status": "skipped"
            },
            "line": 11,
            "name": "The user clicks the Sign-In button.",
            "match": {
              "location": "ui.stepDefinitions.amazonStepDefinitions.UserClicksTheSignInButton()"
            },
            "keyword": "Then "
          },
          {
            "result": {
              "status": "skipped"
            },
            "line": 12,
            "name": "User hover-over Account \u0026Lists.",
            "match": {
              "location": "ui.stepDefinitions.amazonStepDefinitions.userHoverOverAccountLists()"
            },
            "keyword": "And "
          },
          {
            "result": {
              "status": "skipped"
            },
            "line": 13,
            "name": "The user clicks on the Create a List link.",
            "match": {
              "location": "ui.stepDefinitions.amazonStepDefinitions.theUserClicksOnTheCreateAListLink()"
            },
            "keyword": "When "
          },
          {
            "result": {
              "status": "skipped"
            },
            "line": 14,
            "name": "User clicks Create a List button.",
            "match": {
              "location": "ui.stepDefinitions.amazonStepDefinitions.userClicksCreateAListButton()"
            },
            "keyword": "Then "
          },
          {
            "result": {
              "status": "skipped"
            },
            "line": 15,
            "name": "User enters List Name.",
            "match": {
              "location": "ui.stepDefinitions.amazonStepDefinitions.userEntersListName()"
            },
            "keyword": "Then "
          },
          {
            "result": {
              "status": "skipped"
            },
            "line": 16,
            "name": "User clicks end of Create a List button.",
            "match": {
              "location": "ui.stepDefinitions.amazonStepDefinitions.userClicksEndOfCreateAListButton()"
            },
            "keyword": "And "
          }
        ]
      },
      {
        "start_timestamp": "2022-03-01T12:35:01.496Z",
        "line": 39,
        "name": "US_09 User should be able to create and delete shoppingList.",
        "description": "",
        "id": "create-and-delete-shopinglist;us-09-user-should-be-able-to-create-and-delete-shoppinglist.;;2",
        "type": "scenario",
        "keyword": "Scenario Outline",
        "steps": [
          {
            "result": {
              "status": "skipped"
            },
            "line": 30,
            "name": "User types the \"iphone 13 512\" in the search box.",
            "match": {
              "arguments": [
                {
                  "val": "\"iphone 13 512\"",
                  "offset": 15
                }
              ],
              "location": "ui.stepDefinitions.amazonStepDefinitions.userTypesTheInTheSearchBox(java.lang.String)"
            },
            "keyword": "When "
          },
          {
            "result": {
              "status": "skipped"
            },
            "line": 31,
            "name": "The user goes to the product page.",
            "match": {
              "location": "ui.stepDefinitions.amazonStepDefinitions.theUserGoesToTheProductPage()"
            },
            "keyword": "Then "
          },
          {
            "result": {
              "status": "skipped"
            },
            "line": 32,
            "name": "User clicks Add to List button.",
            "match": {
              "location": "ui.stepDefinitions.amazonStepDefinitions.userClicksAddToListButton()"
            },
            "keyword": "And "
          },
          {
            "result": {
              "status": "skipped"
            },
            "line": 33,
            "name": "The user confirms that the selected product has been added to the list.",
            "match": {
              "location": "ui.stepDefinitions.amazonStepDefinitions.theUserConfirmsThatTheSelectedProductHasBeenAddedToTheList()"
            },
            "keyword": "Then "
          },
          {
            "result": {
              "status": "skipped"
            },
            "line": 34,
            "name": "The user clicks the View Your List button and sees the List.",
            "match": {
              "location": "ui.stepDefinitions.amazonStepDefinitions.theUserClicksTheViewYourListButtonAndSeesTheList()"
            },
            "keyword": "And "
          },
          {
            "result": {
              "status": "skipped"
            },
            "line": 35,
            "name": "The user clicks the Delete button and sees the Deleted alert.",
            "match": {
              "location": "ui.stepDefinitions.amazonStepDefinitions.theUserClicksTheDeleteButtonAndSeesTheDeletedAlert()"
            },
            "keyword": "Then "
          },
          {
            "result": {
              "status": "skipped"
            },
            "line": 36,
            "name": "The user closes the page.",
            "match": {
              "location": "ui.stepDefinitions.amazonStepDefinitions.theUserClosesThePage()"
            },
            "keyword": "And "
          }
        ],
        "tags": [
          {
            "name": "@Regression"
          },
          {
            "name": "@shopingList"
          },
          {
            "name": "@us09"
          }
        ]
      }
    ],
    "name": "Create And Delete ShopingList",
    "description": "",
    "id": "create-and-delete-shopinglist",
    "keyword": "Feature",
    "uri": "file:src/test/resources/features/ui_features/shopingList.feature",
    "tags": [
      {
        "name": "@Regression",
        "type": "Tag",
        "location": {
          "line": 1,
          "column": 1
        }
      },
      {
        "name": "@shopingList",
        "type": "Tag",
        "location": {
          "line": 2,
          "column": 3
        }
      }
    ]
  }
]